<?xml version="1.0" encoding="UTF-8"?>
<coverage generated="1745585842430" clover="3.2.0">
  <project timestamp="1745585842430" name="All files">
    <metrics statements="125" coveredstatements="68" conditionals="20" coveredconditionals="7" methods="19" coveredmethods="12" elements="164" coveredelements="87" complexity="0" loc="125" ncloc="125" packages="4" files="7" classes="7"/>
    <package name="api.controllers">
      <metrics statements="51" coveredstatements="38" conditionals="4" coveredconditionals="2" methods="9" coveredmethods="8"/>
      <file name="bookingController.js" path="C:\Users\pc\Desktop\SD Project\deployment\ProjectX_Dev_Hub\src\api\controllers\bookingController.js">
        <metrics statements="23" coveredstatements="19" conditionals="2" coveredconditionals="1" methods="4" coveredmethods="4"/>
        <line num="1" count="1" type="stmt"/>
        <line num="5" count="1" type="stmt"/>
        <line num="7" count="1" type="stmt"/>
        <line num="10" count="1" type="cond" truecount="1" falsecount="1"/>
        <line num="11" count="1" type="stmt"/>
        <line num="18" count="0" type="stmt"/>
        <line num="23" count="1" type="stmt"/>
        <line num="26" count="1" type="stmt"/>
        <line num="29" count="1" type="stmt"/>
        <line num="31" count="1" type="stmt"/>
        <line num="37" count="0" type="stmt"/>
        <line num="42" count="1" type="stmt"/>
        <line num="45" count="1" type="stmt"/>
        <line num="46" count="1" type="stmt"/>
        <line num="49" count="1" type="stmt"/>
        <line num="51" count="1" type="stmt"/>
        <line num="57" count="0" type="stmt"/>
        <line num="63" count="1" type="stmt"/>
        <line num="65" count="1" type="stmt"/>
        <line num="68" count="1" type="stmt"/>
        <line num="70" count="1" type="stmt"/>
        <line num="76" count="0" type="stmt"/>
        <line num="82" count="1" type="stmt"/>
      </file>
      <file name="userController.js" path="C:\Users\pc\Desktop\SD Project\deployment\ProjectX_Dev_Hub\src\api\controllers\userController.js">
        <metrics statements="28" coveredstatements="19" conditionals="2" coveredconditionals="1" methods="5" coveredmethods="4"/>
        <line num="1" count="2" type="stmt"/>
        <line num="5" count="2" type="stmt"/>
        <line num="7" count="2" type="stmt"/>
        <line num="10" count="2" type="cond" truecount="1" falsecount="1"/>
        <line num="11" count="2" type="stmt"/>
        <line num="18" count="0" type="stmt"/>
        <line num="23" count="2" type="stmt"/>
        <line num="26" count="2" type="stmt"/>
        <line num="29" count="2" type="stmt"/>
        <line num="31" count="2" type="stmt"/>
        <line num="37" count="0" type="stmt"/>
        <line num="42" count="0" type="stmt"/>
        <line num="45" count="0" type="stmt"/>
        <line num="48" count="0" type="stmt"/>
        <line num="50" count="0" type="stmt"/>
        <line num="56" count="0" type="stmt"/>
        <line num="61" count="2" type="stmt"/>
        <line num="64" count="2" type="stmt"/>
        <line num="65" count="2" type="stmt"/>
        <line num="68" count="2" type="stmt"/>
        <line num="70" count="2" type="stmt"/>
        <line num="76" count="0" type="stmt"/>
        <line num="82" count="2" type="stmt"/>
        <line num="84" count="2" type="stmt"/>
        <line num="87" count="2" type="stmt"/>
        <line num="89" count="2" type="stmt"/>
        <line num="95" count="0" type="stmt"/>
        <line num="106" count="2" type="stmt"/>
      </file>
    </package>
    <package name="api.routes">
      <metrics statements="17" coveredstatements="9" conditionals="0" coveredconditionals="0" methods="0" coveredmethods="0"/>
      <file name="booking.routes.js" path="C:\Users\pc\Desktop\SD Project\deployment\ProjectX_Dev_Hub\src\api\routes\booking.routes.js">
        <metrics statements="8" coveredstatements="0" conditionals="0" coveredconditionals="0" methods="0" coveredmethods="0"/>
        <line num="1" count="0" type="stmt"/>
        <line num="2" count="0" type="stmt"/>
        <line num="3" count="0" type="stmt"/>
        <line num="6" count="0" type="stmt"/>
        <line num="7" count="0" type="stmt"/>
        <line num="8" count="0" type="stmt"/>
        <line num="9" count="0" type="stmt"/>
        <line num="11" count="0" type="stmt"/>
      </file>
      <file name="user.routes.js" path="C:\Users\pc\Desktop\SD Project\deployment\ProjectX_Dev_Hub\src\api\routes\user.routes.js">
        <metrics statements="9" coveredstatements="9" conditionals="0" coveredconditionals="0" methods="0" coveredmethods="0"/>
        <line num="1" count="1" type="stmt"/>
        <line num="2" count="1" type="stmt"/>
        <line num="3" count="1" type="stmt"/>
        <line num="6" count="1" type="stmt"/>
        <line num="7" count="1" type="stmt"/>
        <line num="8" count="1" type="stmt"/>
        <line num="9" count="1" type="stmt"/>
        <line num="10" count="1" type="stmt"/>
        <line num="12" count="1" type="stmt"/>
      </file>
    </package>
    <package name="api.services">
      <metrics statements="49" coveredstatements="21" conditionals="14" coveredconditionals="5" methods="9" coveredmethods="4"/>
      <file name="bookingService.js" path="C:\Users\pc\Desktop\SD Project\deployment\ProjectX_Dev_Hub\src\api\services\bookingService.js">
        <metrics statements="22" coveredstatements="0" conditionals="6" coveredconditionals="0" methods="4" coveredmethods="0"/>
        <line num="1" count="0" type="stmt"/>
        <line num="5" count="0" type="stmt"/>
        <line num="6" count="0" type="stmt"/>
        <line num="7" count="0" type="stmt"/>
        <line num="11" count="0" type="stmt"/>
        <line num="16" count="0" type="stmt"/>
        <line num="18" count="0" type="cond" truecount="0" falsecount="2"/>
        <line num="19" count="0" type="stmt"/>
        <line num="22" count="0" type="stmt"/>
        <line num="26" count="0" type="stmt"/>
        <line num="31" count="0" type="stmt"/>
        <line num="33" count="0" type="cond" truecount="0" falsecount="2"/>
        <line num="34" count="0" type="stmt"/>
        <line num="37" count="0" type="stmt"/>
        <line num="42" count="0" type="stmt"/>
        <line num="47" count="0" type="stmt"/>
        <line num="48" count="0" type="stmt"/>
        <line num="50" count="0" type="stmt"/>
        <line num="52" count="0" type="cond" truecount="0" falsecount="2"/>
        <line num="53" count="0" type="stmt"/>
        <line num="57" count="0" type="stmt"/>
        <line num="67" count="0" type="stmt"/>
      </file>
      <file name="userService.js" path="C:\Users\pc\Desktop\SD Project\deployment\ProjectX_Dev_Hub\src\api\services\userService.js">
        <metrics statements="27" coveredstatements="21" conditionals="8" coveredconditionals="5" methods="5" coveredmethods="4"/>
        <line num="1" count="1" type="stmt"/>
        <line num="5" count="1" type="stmt"/>
        <line num="6" count="1" type="stmt"/>
        <line num="7" count="1" type="stmt"/>
        <line num="11" count="2" type="stmt"/>
        <line num="16" count="2" type="stmt"/>
        <line num="18" count="2" type="cond" truecount="2" falsecount="0"/>
        <line num="19" count="1" type="stmt"/>
        <line num="22" count="1" type="stmt"/>
        <line num="26" count="0" type="stmt"/>
        <line num="31" count="0" type="stmt"/>
        <line num="33" count="0" type="cond" truecount="0" falsecount="2"/>
        <line num="34" count="0" type="stmt"/>
        <line num="37" count="0" type="stmt"/>
        <line num="41" count="2" type="stmt"/>
        <line num="46" count="2" type="stmt"/>
        <line num="48" count="2" type="cond" truecount="2" falsecount="0"/>
        <line num="49" count="1" type="stmt"/>
        <line num="52" count="1" type="stmt"/>
        <line num="58" count="2" type="stmt"/>
        <line num="63" count="2" type="stmt"/>
        <line num="64" count="2" type="stmt"/>
        <line num="66" count="1" type="stmt"/>
        <line num="68" count="1" type="cond" truecount="1" falsecount="1"/>
        <line num="69" count="1" type="stmt"/>
        <line num="73" count="0" type="stmt"/>
        <line num="81" count="1" type="stmt"/>
      </file>
    </package>
    <package name="config">
      <metrics statements="8" coveredstatements="0" conditionals="2" coveredconditionals="0" methods="1" coveredmethods="0"/>
      <file name="database.js" path="C:\Users\pc\Desktop\SD Project\deployment\ProjectX_Dev_Hub\src\config\database.js">
        <metrics statements="8" coveredstatements="0" conditionals="2" coveredconditionals="0" methods="1" coveredmethods="0"/>
        <line num="1" count="0" type="stmt"/>
        <line num="2" count="0" type="stmt"/>
        <line num="4" count="0" type="stmt"/>
        <line num="13" count="0" type="stmt"/>
        <line num="14" count="0" type="cond" truecount="0" falsecount="2"/>
        <line num="15" count="0" type="stmt"/>
        <line num="17" count="0" type="stmt"/>
        <line num="21" count="0" type="stmt"/>
      </file>
    </package>
  </project>
</coverage>
