{"C:\\Users\\pc\\Desktop\\SD Project\\deployment\\ProjectX_Dev_Hub\\src\\api\\controllers\\bookingController.js": {"path":"C:\\Users\\pc\\Desktop\\SD Project\\deployment\\ProjectX_Dev_Hub\\src\\api\\controllers\\bookingController.js","statementMap":{"0":{"start":{"line":1,"column":23},"end":{"line":1,"column":60}},"1":{"start":{"line":5,"column":8},"end":{"line":19,"column":9}},"2":{"start":{"line":7,"column":29},"end":{"line":7,"column":66}},"3":{"start":{"line":10,"column":12},"end":{"line":15,"column":13}},"4":{"start":{"line":11,"column":16},"end":{"line":14,"column":19}},"5":{"start":{"line":18,"column":12},"end":{"line":18,"column":24}},"6":{"start":{"line":23,"column":8},"end":{"line":38,"column":9}},"7":{"start":{"line":26,"column":23},"end":{"line":26,"column":36}},"8":{"start":{"line":29,"column":28},"end":{"line":29,"column":67}},"9":{"start":{"line":31,"column":12},"end":{"line":34,"column":15}},"10":{"start":{"line":37,"column":12},"end":{"line":37,"column":24}},"11":{"start":{"line":42,"column":8},"end":{"line":58,"column":9}},"12":{"start":{"line":45,"column":23},"end":{"line":45,"column":36}},"13":{"start":{"line":46,"column":27},"end":{"line":46,"column":44}},"14":{"start":{"line":49,"column":28},"end":{"line":49,"column":78}},"15":{"start":{"line":51,"column":12},"end":{"line":54,"column":15}},"16":{"start":{"line":57,"column":12},"end":{"line":57,"column":24}},"17":{"start":{"line":63,"column":8},"end":{"line":77,"column":9}},"18":{"start":{"line":65,"column":81},"end":{"line":65,"column":89}},"19":{"start":{"line":68,"column":28},"end":{"line":68,"column":123}},"20":{"start":{"line":70,"column":12},"end":{"line":73,"column":15}},"21":{"start":{"line":76,"column":12},"end":{"line":76,"column":24}},"22":{"start":{"line":82,"column":0},"end":{"line":82,"column":41}}},"fnMap":{"0":{"name":"(anonymous_0)","decl":{"start":{"line":4,"column":4},"end":{"line":4,"column":5}},"loc":{"start":{"line":4,"column":41},"end":{"line":20,"column":5}},"line":4},"1":{"name":"(anonymous_1)","decl":{"start":{"line":22,"column":4},"end":{"line":22,"column":5}},"loc":{"start":{"line":22,"column":41},"end":{"line":39,"column":5}},"line":22},"2":{"name":"(anonymous_2)","decl":{"start":{"line":41,"column":4},"end":{"line":41,"column":5}},"loc":{"start":{"line":41,"column":45},"end":{"line":59,"column":5}},"line":41},"3":{"name":"(anonymous_3)","decl":{"start":{"line":62,"column":4},"end":{"line":62,"column":5}},"loc":{"start":{"line":62,"column":41},"end":{"line":78,"column":5}},"line":62}},"branchMap":{"0":{"loc":{"start":{"line":10,"column":12},"end":{"line":15,"column":13}},"type":"if","locations":[{"start":{"line":10,"column":12},"end":{"line":15,"column":13}},{"start":{},"end":{}}],"line":10}},"s":{"0":1,"1":1,"2":1,"3":1,"4":1,"5":0,"6":1,"7":1,"8":1,"9":1,"10":0,"11":1,"12":1,"13":1,"14":1,"15":1,"16":0,"17":1,"18":1,"19":1,"20":1,"21":0,"22":1},"f":{"0":1,"1":1,"2":1,"3":1},"b":{"0":[1,0]},"_coverageSchema":"1a1c01bbd47fc00a2c39e90264f33305004495a9","hash":"30465258cd21bfe3156f9a87565f3e12ea57278a"}
,"C:\\Users\\pc\\Desktop\\SD Project\\deployment\\ProjectX_Dev_Hub\\src\\api\\controllers\\userController.js": {"path":"C:\\Users\\pc\\Desktop\\SD Project\\deployment\\ProjectX_Dev_Hub\\src\\api\\controllers\\userController.js","statementMap":{"0":{"start":{"line":1,"column":20},"end":{"line":1,"column":54}},"1":{"start":{"line":5,"column":8},"end":{"line":19,"column":9}},"2":{"start":{"line":7,"column":26},"end":{"line":7,"column":57}},"3":{"start":{"line":10,"column":12},"end":{"line":15,"column":13}},"4":{"start":{"line":11,"column":16},"end":{"line":14,"column":19}},"5":{"start":{"line":18,"column":12},"end":{"line":18,"column":24}},"6":{"start":{"line":23,"column":8},"end":{"line":38,"column":9}},"7":{"start":{"line":26,"column":23},"end":{"line":26,"column":36}},"8":{"start":{"line":29,"column":25},"end":{"line":29,"column":58}},"9":{"start":{"line":31,"column":12},"end":{"line":34,"column":15}},"10":{"start":{"line":37,"column":12},"end":{"line":37,"column":24}},"11":{"start":{"line":42,"column":8},"end":{"line":57,"column":9}},"12":{"start":{"line":45,"column":25},"end":{"line":45,"column":40}},"13":{"start":{"line":48,"column":25},"end":{"line":48,"column":62}},"14":{"start":{"line":50,"column":12},"end":{"line":53,"column":15}},"15":{"start":{"line":56,"column":12},"end":{"line":56,"column":24}},"16":{"start":{"line":61,"column":8},"end":{"line":77,"column":9}},"17":{"start":{"line":64,"column":23},"end":{"line":64,"column":36}},"18":{"start":{"line":65,"column":25},"end":{"line":65,"column":40}},"19":{"start":{"line":68,"column":25},"end":{"line":68,"column":65}},"20":{"start":{"line":70,"column":12},"end":{"line":73,"column":15}},"21":{"start":{"line":76,"column":12},"end":{"line":76,"column":24}},"22":{"start":{"line":82,"column":8},"end":{"line":96,"column":9}},"23":{"start":{"line":84,"column":44},"end":{"line":84,"column":52}},"24":{"start":{"line":87,"column":25},"end":{"line":87,"column":77}},"25":{"start":{"line":89,"column":12},"end":{"line":92,"column":15}},"26":{"start":{"line":95,"column":12},"end":{"line":95,"column":24}},"27":{"start":{"line":106,"column":0},"end":{"line":106,"column":38}}},"fnMap":{"0":{"name":"(anonymous_0)","decl":{"start":{"line":4,"column":4},"end":{"line":4,"column":5}},"loc":{"start":{"line":4,"column":38},"end":{"line":20,"column":5}},"line":4},"1":{"name":"(anonymous_1)","decl":{"start":{"line":22,"column":4},"end":{"line":22,"column":5}},"loc":{"start":{"line":22,"column":38},"end":{"line":39,"column":5}},"line":22},"2":{"name":"(anonymous_2)","decl":{"start":{"line":41,"column":4},"end":{"line":41,"column":5}},"loc":{"start":{"line":41,"column":40},"end":{"line":58,"column":5}},"line":41},"3":{"name":"(anonymous_3)","decl":{"start":{"line":60,"column":4},"end":{"line":60,"column":5}},"loc":{"start":{"line":60,"column":40},"end":{"line":78,"column":5}},"line":60},"4":{"name":"(anonymous_4)","decl":{"start":{"line":81,"column":4},"end":{"line":81,"column":5}},"loc":{"start":{"line":81,"column":38},"end":{"line":97,"column":5}},"line":81}},"branchMap":{"0":{"loc":{"start":{"line":10,"column":12},"end":{"line":15,"column":13}},"type":"if","locations":[{"start":{"line":10,"column":12},"end":{"line":15,"column":13}},{"start":{},"end":{}}],"line":10}},"s":{"0":2,"1":2,"2":2,"3":2,"4":2,"5":0,"6":2,"7":2,"8":2,"9":2,"10":0,"11":0,"12":0,"13":0,"14":0,"15":0,"16":2,"17":2,"18":2,"19":2,"20":2,"21":0,"22":2,"23":2,"24":2,"25":2,"26":0,"27":2},"f":{"0":2,"1":2,"2":0,"3":2,"4":2},"b":{"0":[2,0]},"_coverageSchema":"1a1c01bbd47fc00a2c39e90264f33305004495a9","hash":"ce35cb167acbdc97621b627233b5c547a52d3824"}
,"C:\\Users\\pc\\Desktop\\SD Project\\deployment\\ProjectX_Dev_Hub\\src\\api\\routes\\booking.routes.js": {"path":"C:\\Users\\pc\\Desktop\\SD Project\\deployment\\ProjectX_Dev_Hub\\src\\api\\routes\\booking.routes.js","statementMap":{"0":{"start":{"line":1,"column":16},"end":{"line":1,"column":34}},"1":{"start":{"line":2,"column":26},"end":{"line":2,"column":69}},"2":{"start":{"line":3,"column":15},"end":{"line":3,"column":31}},"3":{"start":{"line":6,"column":0},"end":{"line":6,"column":50}},"4":{"start":{"line":7,"column":0},"end":{"line":7,"column":56}},"5":{"start":{"line":8,"column":0},"end":{"line":8,"column":80}},"6":{"start":{"line":9,"column":0},"end":{"line":9,"column":62}},"7":{"start":{"line":11,"column":0},"end":{"line":11,"column":24}}},"fnMap":{},"branchMap":{},"s":{"0":0,"1":0,"2":0,"3":0,"4":0,"5":0,"6":0,"7":0},"f":{},"b":{}}
,"C:\\Users\\pc\\Desktop\\SD Project\\deployment\\ProjectX_Dev_Hub\\src\\api\\routes\\user.routes.js": {"path":"C:\\Users\\pc\\Desktop\\SD Project\\deployment\\ProjectX_Dev_Hub\\src\\api\\routes\\user.routes.js","statementMap":{"0":{"start":{"line":1,"column":16},"end":{"line":1,"column":34}},"1":{"start":{"line":2,"column":23},"end":{"line":2,"column":63}},"2":{"start":{"line":3,"column":15},"end":{"line":3,"column":31}},"3":{"start":{"line":6,"column":0},"end":{"line":6,"column":44}},"4":{"start":{"line":7,"column":0},"end":{"line":7,"column":50}},"5":{"start":{"line":8,"column":0},"end":{"line":8,"column":56}},"6":{"start":{"line":9,"column":0},"end":{"line":9,"column":68}},"7":{"start":{"line":10,"column":0},"end":{"line":10,"column":53}},"8":{"start":{"line":12,"column":0},"end":{"line":12,"column":24}}},"fnMap":{},"branchMap":{},"s":{"0":1,"1":1,"2":1,"3":1,"4":1,"5":1,"6":1,"7":1,"8":1},"f":{},"b":{},"_coverageSchema":"1a1c01bbd47fc00a2c39e90264f33305004495a9","hash":"8a5b11342629167b8b821289efe6481847a0004e"}
,"C:\\Users\\pc\\Desktop\\SD Project\\deployment\\ProjectX_Dev_Hub\\src\\api\\services\\bookingService.js": {"path":"C:\\Users\\pc\\Desktop\\SD Project\\deployment\\ProjectX_Dev_Hub\\src\\api\\services\\bookingService.js","statementMap":{"0":{"start":{"line":1,"column":13},"end":{"line":1,"column":45}},"1":{"start":{"line":5,"column":22},"end":{"line":5,"column":61}},"2":{"start":{"line":6,"column":23},"end":{"line":6,"column":46}},"3":{"start":{"line":7,"column":8},"end":{"line":7,"column":27}},"4":{"start":{"line":11,"column":22},"end":{"line":14,"column":9}},"5":{"start":{"line":16,"column":23},"end":{"line":16,"column":46}},"6":{"start":{"line":18,"column":8},"end":{"line":20,"column":9}},"7":{"start":{"line":19,"column":12},"end":{"line":19,"column":46}},"8":{"start":{"line":22,"column":8},"end":{"line":22,"column":30}},"9":{"start":{"line":26,"column":22},"end":{"line":29,"column":9}},"10":{"start":{"line":31,"column":23},"end":{"line":31,"column":46}},"11":{"start":{"line":33,"column":8},"end":{"line":35,"column":9}},"12":{"start":{"line":34,"column":12},"end":{"line":34,"column":49}},"13":{"start":{"line":37,"column":8},"end":{"line":37,"column":30}},"14":{"start":{"line":42,"column":22},"end":{"line":45,"column":9}},"15":{"start":{"line":47,"column":8},"end":{"line":58,"column":5}},"16":{"start":{"line":48,"column":27},"end":{"line":48,"column":50}},"17":{"start":{"line":50,"column":12},"end":{"line":50,"column":31}},"18":{"start":{"line":52,"column":12},"end":{"line":54,"column":13}},"19":{"start":{"line":53,"column":16},"end":{"line":53,"column":60}},"20":{"start":{"line":57,"column":8},"end":{"line":57,"column":27}},"21":{"start":{"line":67,"column":0},"end":{"line":67,"column":38}}},"fnMap":{"0":{"name":"(anonymous_0)","decl":{"start":{"line":4,"column":4},"end":{"line":4,"column":5}},"loc":{"start":{"line":4,"column":27},"end":{"line":8,"column":5}},"line":4},"1":{"name":"(anonymous_1)","decl":{"start":{"line":10,"column":4},"end":{"line":10,"column":5}},"loc":{"start":{"line":10,"column":29},"end":{"line":23,"column":5}},"line":10},"2":{"name":"(anonymous_2)","decl":{"start":{"line":25,"column":4},"end":{"line":25,"column":5}},"loc":{"start":{"line":25,"column":40},"end":{"line":38,"column":5}},"line":25},"3":{"name":"(anonymous_3)","decl":{"start":{"line":40,"column":4},"end":{"line":40,"column":5}},"loc":{"start":{"line":40,"column":85},"end":{"line":59,"column":1}},"line":40}},"branchMap":{"0":{"loc":{"start":{"line":18,"column":8},"end":{"line":20,"column":9}},"type":"if","locations":[{"start":{"line":18,"column":8},"end":{"line":20,"column":9}},{"start":{},"end":{}}],"line":18},"1":{"loc":{"start":{"line":33,"column":8},"end":{"line":35,"column":9}},"type":"if","locations":[{"start":{"line":33,"column":8},"end":{"line":35,"column":9}},{"start":{},"end":{}}],"line":33},"2":{"loc":{"start":{"line":52,"column":12},"end":{"line":54,"column":13}},"type":"if","locations":[{"start":{"line":52,"column":12},"end":{"line":54,"column":13}},{"start":{},"end":{}}],"line":52}},"s":{"0":0,"1":0,"2":0,"3":0,"4":0,"5":0,"6":0,"7":0,"8":0,"9":0,"10":0,"11":0,"12":0,"13":0,"14":0,"15":0,"16":0,"17":0,"18":0,"19":0,"20":0,"21":0},"f":{"0":0,"1":0,"2":0,"3":0},"b":{"0":[0,0],"1":[0,0],"2":[0,0]}}
,"C:\\Users\\pc\\Desktop\\SD Project\\deployment\\ProjectX_Dev_Hub\\src\\api\\services\\userService.js": {"path":"C:\\Users\\pc\\Desktop\\SD Project\\deployment\\ProjectX_Dev_Hub\\src\\api\\services\\userService.js","statementMap":{"0":{"start":{"line":1,"column":13},"end":{"line":1,"column":45}},"1":{"start":{"line":5,"column":22},"end":{"line":5,"column":60}},"2":{"start":{"line":6,"column":23},"end":{"line":6,"column":46}},"3":{"start":{"line":7,"column":8},"end":{"line":7,"column":27}},"4":{"start":{"line":11,"column":22},"end":{"line":14,"column":9}},"5":{"start":{"line":16,"column":23},"end":{"line":16,"column":46}},"6":{"start":{"line":18,"column":8},"end":{"line":20,"column":9}},"7":{"start":{"line":19,"column":12},"end":{"line":19,"column":46}},"8":{"start":{"line":22,"column":8},"end":{"line":22,"column":30}},"9":{"start":{"line":26,"column":22},"end":{"line":29,"column":9}},"10":{"start":{"line":31,"column":23},"end":{"line":31,"column":46}},"11":{"start":{"line":33,"column":8},"end":{"line":35,"column":9}},"12":{"start":{"line":34,"column":12},"end":{"line":34,"column":46}},"13":{"start":{"line":37,"column":8},"end":{"line":37,"column":30}},"14":{"start":{"line":41,"column":22},"end":{"line":44,"column":9}},"15":{"start":{"line":46,"column":23},"end":{"line":46,"column":46}},"16":{"start":{"line":48,"column":8},"end":{"line":50,"column":9}},"17":{"start":{"line":49,"column":12},"end":{"line":49,"column":46}},"18":{"start":{"line":52,"column":8},"end":{"line":52,"column":30}},"19":{"start":{"line":58,"column":22},"end":{"line":61,"column":9}},"20":{"start":{"line":63,"column":8},"end":{"line":74,"column":5}},"21":{"start":{"line":64,"column":27},"end":{"line":64,"column":50}},"22":{"start":{"line":66,"column":12},"end":{"line":66,"column":31}},"23":{"start":{"line":68,"column":12},"end":{"line":70,"column":13}},"24":{"start":{"line":69,"column":16},"end":{"line":69,"column":61}},"25":{"start":{"line":73,"column":8},"end":{"line":73,"column":27}},"26":{"start":{"line":81,"column":0},"end":{"line":81,"column":35}}},"fnMap":{"0":{"name":"(anonymous_0)","decl":{"start":{"line":4,"column":4},"end":{"line":4,"column":5}},"loc":{"start":{"line":4,"column":24},"end":{"line":8,"column":5}},"line":4},"1":{"name":"(anonymous_1)","decl":{"start":{"line":10,"column":4},"end":{"line":10,"column":5}},"loc":{"start":{"line":10,"column":26},"end":{"line":23,"column":5}},"line":10},"2":{"name":"(anonymous_2)","decl":{"start":{"line":25,"column":4},"end":{"line":25,"column":5}},"loc":{"start":{"line":25,"column":30},"end":{"line":38,"column":5}},"line":25},"3":{"name":"(anonymous_3)","decl":{"start":{"line":40,"column":4},"end":{"line":40,"column":5}},"loc":{"start":{"line":40,"column":33},"end":{"line":53,"column":5}},"line":40},"4":{"name":"(anonymous_4)","decl":{"start":{"line":55,"column":4},"end":{"line":55,"column":5}},"loc":{"start":{"line":55,"column":37},"end":{"line":75,"column":1}},"line":55}},"branchMap":{"0":{"loc":{"start":{"line":18,"column":8},"end":{"line":20,"column":9}},"type":"if","locations":[{"start":{"line":18,"column":8},"end":{"line":20,"column":9}},{"start":{},"end":{}}],"line":18},"1":{"loc":{"start":{"line":33,"column":8},"end":{"line":35,"column":9}},"type":"if","locations":[{"start":{"line":33,"column":8},"end":{"line":35,"column":9}},{"start":{},"end":{}}],"line":33},"2":{"loc":{"start":{"line":48,"column":8},"end":{"line":50,"column":9}},"type":"if","locations":[{"start":{"line":48,"column":8},"end":{"line":50,"column":9}},{"start":{},"end":{}}],"line":48},"3":{"loc":{"start":{"line":68,"column":12},"end":{"line":70,"column":13}},"type":"if","locations":[{"start":{"line":68,"column":12},"end":{"line":70,"column":13}},{"start":{},"end":{}}],"line":68}},"s":{"0":1,"1":1,"2":1,"3":1,"4":2,"5":2,"6":2,"7":1,"8":1,"9":0,"10":0,"11":0,"12":0,"13":0,"14":2,"15":2,"16":2,"17":1,"18":1,"19":2,"20":2,"21":2,"22":1,"23":1,"24":1,"25":0,"26":1},"f":{"0":1,"1":2,"2":0,"3":2,"4":2},"b":{"0":[1,1],"1":[0,0],"2":[1,1],"3":[1,0]},"_coverageSchema":"1a1c01bbd47fc00a2c39e90264f33305004495a9","hash":"a7e89f2456707b9b38bd261e0aa7d3fef68206b0"}
,"C:\\Users\\pc\\Desktop\\SD Project\\deployment\\ProjectX_Dev_Hub\\src\\config\\database.js": {"path":"C:\\Users\\pc\\Desktop\\SD Project\\deployment\\ProjectX_Dev_Hub\\src\\config\\database.js","statementMap":{"0":{"start":{"line":1,"column":0},"end":{"line":1,"column":27}},"1":{"start":{"line":2,"column":19},"end":{"line":2,"column":32}},"2":{"start":{"line":4,"column":15},"end":{"line":11,"column":2}},"3":{"start":{"line":13,"column":0},"end":{"line":19,"column":3}},"4":{"start":{"line":14,"column":4},"end":{"line":18,"column":5}},"5":{"start":{"line":15,"column":8},"end":{"line":15,"column":54}},"6":{"start":{"line":17,"column":8},"end":{"line":17,"column":56}},"7":{"start":{"line":21,"column":0},"end":{"line":21,"column":24}}},"fnMap":{"0":{"name":"(anonymous_0)","decl":{"start":{"line":13,"column":15},"end":{"line":13,"column":16}},"loc":{"start":{"line":13,"column":24},"end":{"line":19,"column":1}},"line":13}},"branchMap":{"0":{"loc":{"start":{"line":14,"column":4},"end":{"line":18,"column":5}},"type":"if","locations":[{"start":{"line":14,"column":4},"end":{"line":18,"column":5}},{"start":{"line":16,"column":11},"end":{"line":18,"column":5}}],"line":14}},"s":{"0":0,"1":0,"2":0,"3":0,"4":0,"5":0,"6":0,"7":0},"f":{"0":0},"b":{"0":[0,0]}}
}
