{"C:\\Users\\pc\\Desktop\\SD Project\\deployment\\ProjectX_Dev_Hub\\public\\js\\admin-analytics.js": {"path":"C:\\Users\\pc\\Desktop\\SD Project\\deployment\\ProjectX_Dev_Hub\\public\\js\\admin-analytics.js","statementMap":{"0":{"start":{"line":1,"column":0},"end":{"line":122,"column":3}},"1":{"start":{"line":3,"column":19},"end":{"line":3,"column":59}},"2":{"start":{"line":4,"column":16},"end":{"line":8,"column":1}},"3":{"start":{"line":10,"column":0},"end":{"line":27,"column":3}},"4":{"start":{"line":11,"column":0},"end":{"line":26,"column":3}},"5":{"start":{"line":13,"column":4},"end":{"line":16,"column":7}},"6":{"start":{"line":14,"column":4},"end":{"line":14,"column":35}},"7":{"start":{"line":15,"column":4},"end":{"line":15,"column":34}},"8":{"start":{"line":17,"column":4},"end":{"line":17,"column":35}},"9":{"start":{"line":18,"column":4},"end":{"line":18,"column":40}},"10":{"start":{"line":21,"column":24},"end":{"line":21,"column":42}},"11":{"start":{"line":22,"column":4},"end":{"line":24,"column":5}},"12":{"start":{"line":23,"column":4},"end":{"line":23,"column":41}},"13":{"start":{"line":25,"column":4},"end":{"line":25,"column":52}},"14":{"start":{"line":94,"column":0},"end":{"line":120,"column":3}},"15":{"start":{"line":95,"column":19},"end":{"line":95,"column":69}},"16":{"start":{"line":96,"column":25},"end":{"line":96,"column":45}},"17":{"start":{"line":97,"column":22},"end":{"line":97,"column":69}},"18":{"start":{"line":99,"column":4},"end":{"line":119,"column":5}},"19":{"start":{"line":100,"column":22},"end":{"line":100,"column":34}},"20":{"start":{"line":101,"column":16},"end":{"line":101,"column":42}},"21":{"start":{"line":102,"column":20},"end":{"line":102,"column":34}},"22":{"start":{"line":105,"column":19},"end":{"line":105,"column":64}},"23":{"start":{"line":106,"column":20},"end":{"line":106,"column":49}},"24":{"start":{"line":108,"column":22},"end":{"line":108,"column":54}},"25":{"start":{"line":109,"column":18},"end":{"line":109,"column":46}},"26":{"start":{"line":110,"column":22},"end":{"line":110,"column":39}},"27":{"start":{"line":112,"column":4},"end":{"line":112,"column":68}},"28":{"start":{"line":113,"column":12},"end":{"line":113,"column":26}},"29":{"start":{"line":115,"column":4},"end":{"line":115,"column":27}},"30":{"start":{"line":117,"column":4},"end":{"line":117,"column":23}},"31":{"start":{"line":118,"column":4},"end":{"line":118,"column":74}}},"fnMap":{"0":{"name":"(anonymous_0)","decl":{"start":{"line":1,"column":46},"end":{"line":1,"column":47}},"loc":{"start":{"line":1,"column":58},"end":{"line":122,"column":1}},"line":1},"1":{"name":"(anonymous_1)","decl":{"start":{"line":10,"column":19},"end":{"line":10,"column":20}},"loc":{"start":{"line":10,"column":29},"end":{"line":27,"column":1}},"line":10},"2":{"name":"(anonymous_2)","decl":{"start":{"line":11,"column":33},"end":{"line":11,"column":34}},"loc":{"start":{"line":11,"column":39},"end":{"line":26,"column":1}},"line":11},"3":{"name":"(anonymous_3)","decl":{"start":{"line":13,"column":23},"end":{"line":13,"column":24}},"loc":{"start":{"line":13,"column":30},"end":{"line":16,"column":5}},"line":13},"4":{"name":"(anonymous_4)","decl":{"start":{"line":94,"column":64},"end":{"line":94,"column":65}},"loc":{"start":{"line":94,"column":82},"end":{"line":120,"column":1}},"line":94}},"branchMap":{"0":{"loc":{"start":{"line":97,"column":22},"end":{"line":97,"column":69}},"type":"binary-expr","locations":[{"start":{"line":97,"column":22},"end":{"line":97,"column":44}},{"start":{"line":97,"column":48},"end":{"line":97,"column":69}}],"line":97}},"s":{"0":0,"1":0,"2":0,"3":0,"4":0,"5":0,"6":0,"7":0,"8":0,"9":0,"10":0,"11":0,"12":0,"13":0,"14":0,"15":0,"16":0,"17":0,"18":0,"19":0,"20":0,"21":0,"22":0,"23":0,"24":0,"25":0,"26":0,"27":0,"28":0,"29":0,"30":0,"31":0},"f":{"0":0,"1":0,"2":0,"3":0,"4":0},"b":{"0":[0,0]}}
,"C:\\Users\\pc\\Desktop\\SD Project\\deployment\\ProjectX_Dev_Hub\\public\\js\\admin-bookings.js": {"path":"C:\\Users\\pc\\Desktop\\SD Project\\deployment\\ProjectX_Dev_Hub\\public\\js\\admin-bookings.js","statementMap":{"0":{"start":{"line":1,"column":0},"end":{"line":106,"column":3}},"1":{"start":{"line":2,"column":33},"end":{"line":4,"column":5}},"2":{"start":{"line":5,"column":30},"end":{"line":7,"column":5}},"3":{"start":{"line":9,"column":4},"end":{"line":65,"column":11}},"4":{"start":{"line":10,"column":28},"end":{"line":10,"column":43}},"5":{"start":{"line":12,"column":12},"end":{"line":14,"column":13}},"6":{"start":{"line":13,"column":16},"end":{"line":13,"column":82}},"7":{"start":{"line":16,"column":12},"end":{"line":61,"column":15}},"8":{"start":{"line":17,"column":28},"end":{"line":17,"column":56}},"9":{"start":{"line":19,"column":16},"end":{"line":21,"column":17}},"10":{"start":{"line":20,"column":20},"end":{"line":20,"column":47}},"11":{"start":{"line":23,"column":16},"end":{"line":30,"column":18}},"12":{"start":{"line":32,"column":16},"end":{"line":60,"column":17}},"13":{"start":{"line":33,"column":39},"end":{"line":33,"column":67}},"14":{"start":{"line":35,"column":39},"end":{"line":35,"column":71}},"15":{"start":{"line":36,"column":20},"end":{"line":36,"column":55}},"16":{"start":{"line":37,"column":20},"end":{"line":37,"column":61}},"17":{"start":{"line":39,"column":36},"end":{"line":39,"column":68}},"18":{"start":{"line":40,"column":20},"end":{"line":40,"column":49}},"19":{"start":{"line":41,"column":20},"end":{"line":41,"column":62}},"20":{"start":{"line":43,"column":20},"end":{"line":46,"column":23}},"21":{"start":{"line":44,"column":24},"end":{"line":44,"column":73}},"22":{"start":{"line":45,"column":24},"end":{"line":45,"column":73}},"23":{"start":{"line":48,"column":20},"end":{"line":51,"column":23}},"24":{"start":{"line":49,"column":24},"end":{"line":49,"column":71}},"25":{"start":{"line":50,"column":24},"end":{"line":50,"column":71}},"26":{"start":{"line":53,"column":20},"end":{"line":53,"column":55}},"27":{"start":{"line":54,"column":20},"end":{"line":54,"column":52}},"28":{"start":{"line":55,"column":20},"end":{"line":55,"column":48}},"29":{"start":{"line":57,"column":20},"end":{"line":57,"column":58}},"30":{"start":{"line":59,"column":20},"end":{"line":59,"column":55}},"31":{"start":{"line":64,"column":12},"end":{"line":64,"column":65}},"32":{"start":{"line":68,"column":27},"end":{"line":73,"column":9}},"33":{"start":{"line":74,"column":8},"end":{"line":74,"column":60}},"34":{"start":{"line":78,"column":8},"end":{"line":104,"column":15}},"35":{"start":{"line":86,"column":16},"end":{"line":86,"column":78}},"36":{"start":{"line":86,"column":34},"end":{"line":86,"column":78}},"37":{"start":{"line":87,"column":16},"end":{"line":87,"column":39}},"38":{"start":{"line":90,"column":35},"end":{"line":90,"column":63}},"39":{"start":{"line":91,"column":16},"end":{"line":91,"column":51}},"40":{"start":{"line":93,"column":33},"end":{"line":93,"column":53}},"41":{"start":{"line":94,"column":16},"end":{"line":96,"column":17}},"42":{"start":{"line":95,"column":20},"end":{"line":95,"column":46}},"43":{"start":{"line":98,"column":16},"end":{"line":98,"column":54}},"44":{"start":{"line":99,"column":16},"end":{"line":99,"column":51}},"45":{"start":{"line":102,"column":16},"end":{"line":102,"column":54}},"46":{"start":{"line":103,"column":16},"end":{"line":103,"column":73}}},"fnMap":{"0":{"name":"(anonymous_0)","decl":{"start":{"line":1,"column":46},"end":{"line":1,"column":47}},"loc":{"start":{"line":1,"column":52},"end":{"line":106,"column":1}},"line":1},"1":{"name":"(anonymous_1)","decl":{"start":{"line":10,"column":14},"end":{"line":10,"column":15}},"loc":{"start":{"line":10,"column":28},"end":{"line":10,"column":43}},"line":10},"2":{"name":"(anonymous_2)","decl":{"start":{"line":11,"column":14},"end":{"line":11,"column":15}},"loc":{"start":{"line":11,"column":24},"end":{"line":62,"column":9}},"line":11},"3":{"name":"(anonymous_3)","decl":{"start":{"line":16,"column":30},"end":{"line":16,"column":31}},"loc":{"start":{"line":16,"column":43},"end":{"line":61,"column":13}},"line":16},"4":{"name":"(anonymous_4)","decl":{"start":{"line":43,"column":57},"end":{"line":43,"column":58}},"loc":{"start":{"line":43,"column":63},"end":{"line":46,"column":21}},"line":43},"5":{"name":"(anonymous_5)","decl":{"start":{"line":48,"column":54},"end":{"line":48,"column":55}},"loc":{"start":{"line":48,"column":60},"end":{"line":51,"column":21}},"line":48},"6":{"name":"(anonymous_6)","decl":{"start":{"line":63,"column":15},"end":{"line":63,"column":16}},"loc":{"start":{"line":63,"column":26},"end":{"line":65,"column":9}},"line":63},"7":{"name":"getFacilityName","decl":{"start":{"line":67,"column":13},"end":{"line":67,"column":28}},"loc":{"start":{"line":67,"column":41},"end":{"line":75,"column":5}},"line":67},"8":{"name":"updateBookingStatus","decl":{"start":{"line":77,"column":13},"end":{"line":77,"column":32}},"loc":{"start":{"line":77,"column":53},"end":{"line":105,"column":5}},"line":77},"9":{"name":"(anonymous_9)","decl":{"start":{"line":85,"column":18},"end":{"line":85,"column":19}},"loc":{"start":{"line":85,"column":32},"end":{"line":88,"column":13}},"line":85},"10":{"name":"(anonymous_10)","decl":{"start":{"line":89,"column":18},"end":{"line":89,"column":19}},"loc":{"start":{"line":89,"column":24},"end":{"line":100,"column":13}},"line":89},"11":{"name":"(anonymous_11)","decl":{"start":{"line":101,"column":19},"end":{"line":101,"column":20}},"loc":{"start":{"line":101,"column":30},"end":{"line":104,"column":13}},"line":101}},"branchMap":{"0":{"loc":{"start":{"line":12,"column":12},"end":{"line":14,"column":13}},"type":"if","locations":[{"start":{"line":12,"column":12},"end":{"line":14,"column":13}},{"start":{},"end":{}}],"line":12},"1":{"loc":{"start":{"line":19,"column":16},"end":{"line":21,"column":17}},"type":"if","locations":[{"start":{"line":19,"column":16},"end":{"line":21,"column":17}},{"start":{},"end":{}}],"line":19},"2":{"loc":{"start":{"line":27,"column":26},"end":{"line":27,"column":47}},"type":"binary-expr","locations":[{"start":{"line":27,"column":26},"end":{"line":27,"column":38}},{"start":{"line":27,"column":42},"end":{"line":27,"column":47}}],"line":27},"3":{"loc":{"start":{"line":32,"column":16},"end":{"line":60,"column":17}},"type":"if","locations":[{"start":{"line":32,"column":16},"end":{"line":60,"column":17}},{"start":{"line":58,"column":23},"end":{"line":60,"column":17}}],"line":32},"4":{"loc":{"start":{"line":74,"column":15},"end":{"line":74,"column":59}},"type":"binary-expr","locations":[{"start":{"line":74,"column":15},"end":{"line":74,"column":37}},{"start":{"line":74,"column":41},"end":{"line":74,"column":59}}],"line":74},"5":{"loc":{"start":{"line":86,"column":16},"end":{"line":86,"column":78}},"type":"if","locations":[{"start":{"line":86,"column":16},"end":{"line":86,"column":78}},{"start":{},"end":{}}],"line":86},"6":{"loc":{"start":{"line":94,"column":16},"end":{"line":96,"column":17}},"type":"if","locations":[{"start":{"line":94,"column":16},"end":{"line":96,"column":17}},{"start":{},"end":{}}],"line":94},"7":{"loc":{"start":{"line":94,"column":20},"end":{"line":94,"column":64}},"type":"binary-expr","locations":[{"start":{"line":94,"column":20},"end":{"line":94,"column":28}},{"start":{"line":94,"column":32},"end":{"line":94,"column":64}}],"line":94}},"s":{"0":0,"1":0,"2":0,"3":0,"4":0,"5":0,"6":0,"7":0,"8":0,"9":0,"10":0,"11":0,"12":0,"13":0,"14":0,"15":0,"16":0,"17":0,"18":0,"19":0,"20":0,"21":0,"22":0,"23":0,"24":0,"25":0,"26":0,"27":0,"28":0,"29":0,"30":0,"31":0,"32":0,"33":0,"34":0,"35":0,"36":0,"37":0,"38":0,"39":0,"40":0,"41":0,"42":0,"43":0,"44":0,"45":0,"46":0},"f":{"0":0,"1":0,"2":0,"3":0,"4":0,"5":0,"6":0,"7":0,"8":0,"9":0,"10":0,"11":0},"b":{"0":[0,0],"1":[0,0],"2":[0,0],"3":[0,0],"4":[0,0],"5":[0,0],"6":[0,0],"7":[0,0]}}
,"C:\\Users\\pc\\Desktop\\SD Project\\deployment\\ProjectX_Dev_Hub\\public\\js\\admin-event-form.js": {"path":"C:\\Users\\pc\\Desktop\\SD Project\\deployment\\ProjectX_Dev_Hub\\public\\js\\admin-event-form.js","statementMap":{"0":{"start":{"line":2,"column":24},"end":{"line":2,"column":34}},"1":{"start":{"line":3,"column":22},"end":{"line":3,"column":101}},"2":{"start":{"line":5,"column":25},"end":{"line":13,"column":5}},"3":{"start":{"line":15,"column":4},"end":{"line":31,"column":7}},"4":{"start":{"line":23,"column":22},"end":{"line":23,"column":37}},"5":{"start":{"line":25,"column":8},"end":{"line":25,"column":63}},"6":{"start":{"line":29,"column":8},"end":{"line":29,"column":39}},"7":{"start":{"line":34,"column":0},"end":{"line":84,"column":3}},"8":{"start":{"line":35,"column":17},"end":{"line":35,"column":53}},"9":{"start":{"line":37,"column":4},"end":{"line":40,"column":5}},"10":{"start":{"line":38,"column":8},"end":{"line":38,"column":47}},"11":{"start":{"line":39,"column":8},"end":{"line":39,"column":15}},"12":{"start":{"line":42,"column":4},"end":{"line":83,"column":7}},"13":{"start":{"line":43,"column":8},"end":{"line":43,"column":27}},"14":{"start":{"line":45,"column":25},"end":{"line":45,"column":39}},"15":{"start":{"line":47,"column":8},"end":{"line":47,"column":85}},"16":{"start":{"line":48,"column":8},"end":{"line":48,"column":92}},"17":{"start":{"line":49,"column":8},"end":{"line":49,"column":86}},"18":{"start":{"line":50,"column":8},"end":{"line":50,"column":89}},"19":{"start":{"line":51,"column":8},"end":{"line":51,"column":107}},"20":{"start":{"line":52,"column":8},"end":{"line":52,"column":82}},"21":{"start":{"line":54,"column":27},"end":{"line":54,"column":62}},"22":{"start":{"line":55,"column":8},"end":{"line":58,"column":9}},"23":{"start":{"line":56,"column":12},"end":{"line":56,"column":45}},"24":{"start":{"line":57,"column":12},"end":{"line":57,"column":19}},"25":{"start":{"line":60,"column":8},"end":{"line":60,"column":54}},"26":{"start":{"line":62,"column":8},"end":{"line":82,"column":9}},"27":{"start":{"line":63,"column":29},"end":{"line":66,"column":14}},"28":{"start":{"line":68,"column":12},"end":{"line":78,"column":13}},"29":{"start":{"line":72,"column":31},"end":{"line":72,"column":52}},"30":{"start":{"line":73,"column":16},"end":{"line":73,"column":53}},"31":{"start":{"line":74,"column":16},"end":{"line":74,"column":59}},"32":{"start":{"line":76,"column":34},"end":{"line":76,"column":55}},"33":{"start":{"line":77,"column":16},"end":{"line":77,"column":62}},"34":{"start":{"line":80,"column":12},"end":{"line":80,"column":43}},"35":{"start":{"line":81,"column":12},"end":{"line":81,"column":65}}},"fnMap":{"0":{"name":"doNotification","decl":{"start":{"line":1,"column":9},"end":{"line":1,"column":23}},"loc":{"start":{"line":1,"column":26},"end":{"line":32,"column":1}},"line":1},"1":{"name":"(anonymous_1)","decl":{"start":{"line":23,"column":10},"end":{"line":23,"column":11}},"loc":{"start":{"line":23,"column":22},"end":{"line":23,"column":37}},"line":23},"2":{"name":"(anonymous_2)","decl":{"start":{"line":24,"column":10},"end":{"line":24,"column":11}},"loc":{"start":{"line":24,"column":18},"end":{"line":27,"column":5}},"line":24},"3":{"name":"(anonymous_3)","decl":{"start":{"line":28,"column":11},"end":{"line":28,"column":12}},"loc":{"start":{"line":28,"column":22},"end":{"line":31,"column":5}},"line":28},"4":{"name":"(anonymous_4)","decl":{"start":{"line":34,"column":46},"end":{"line":34,"column":47}},"loc":{"start":{"line":34,"column":58},"end":{"line":84,"column":1}},"line":34},"5":{"name":"(anonymous_5)","decl":{"start":{"line":42,"column":36},"end":{"line":42,"column":37}},"loc":{"start":{"line":42,"column":55},"end":{"line":83,"column":5}},"line":42}},"branchMap":{"0":{"loc":{"start":{"line":37,"column":4},"end":{"line":40,"column":5}},"type":"if","locations":[{"start":{"line":37,"column":4},"end":{"line":40,"column":5}},{"start":{},"end":{}}],"line":37},"1":{"loc":{"start":{"line":47,"column":33},"end":{"line":47,"column":83}},"type":"binary-expr","locations":[{"start":{"line":47,"column":33},"end":{"line":47,"column":77}},{"start":{"line":47,"column":81},"end":{"line":47,"column":83}}],"line":47},"2":{"loc":{"start":{"line":48,"column":39},"end":{"line":48,"column":90}},"type":"binary-expr","locations":[{"start":{"line":48,"column":39},"end":{"line":48,"column":84}},{"start":{"line":48,"column":88},"end":{"line":48,"column":90}}],"line":48},"3":{"loc":{"start":{"line":49,"column":36},"end":{"line":49,"column":84}},"type":"binary-expr","locations":[{"start":{"line":49,"column":36},"end":{"line":49,"column":78}},{"start":{"line":49,"column":82},"end":{"line":49,"column":84}}],"line":49},"4":{"loc":{"start":{"line":50,"column":39},"end":{"line":50,"column":87}},"type":"binary-expr","locations":[{"start":{"line":50,"column":39},"end":{"line":50,"column":81}},{"start":{"line":50,"column":85},"end":{"line":50,"column":87}}],"line":50},"5":{"loc":{"start":{"line":51,"column":32},"end":{"line":51,"column":105}},"type":"binary-expr","locations":[{"start":{"line":51,"column":32},"end":{"line":51,"column":99}},{"start":{"line":51,"column":103},"end":{"line":51,"column":105}}],"line":51},"6":{"loc":{"start":{"line":52,"column":32},"end":{"line":52,"column":80}},"type":"binary-expr","locations":[{"start":{"line":52,"column":32},"end":{"line":52,"column":74}},{"start":{"line":52,"column":78},"end":{"line":52,"column":80}}],"line":52},"7":{"loc":{"start":{"line":55,"column":8},"end":{"line":58,"column":9}},"type":"if","locations":[{"start":{"line":55,"column":8},"end":{"line":58,"column":9}},{"start":{},"end":{}}],"line":55},"8":{"loc":{"start":{"line":55,"column":12},"end":{"line":55,"column":51}},"type":"binary-expr","locations":[{"start":{"line":55,"column":12},"end":{"line":55,"column":23}},{"start":{"line":55,"column":27},"end":{"line":55,"column":51}}],"line":55},"9":{"loc":{"start":{"line":68,"column":12},"end":{"line":78,"column":13}},"type":"if","locations":[{"start":{"line":68,"column":12},"end":{"line":78,"column":13}},{"start":{"line":75,"column":19},"end":{"line":78,"column":13}}],"line":68}},"s":{"0":0,"1":0,"2":0,"3":0,"4":0,"5":0,"6":0,"7":0,"8":0,"9":0,"10":0,"11":0,"12":0,"13":0,"14":0,"15":0,"16":0,"17":0,"18":0,"19":0,"20":0,"21":0,"22":0,"23":0,"24":0,"25":0,"26":0,"27":0,"28":0,"29":0,"30":0,"31":0,"32":0,"33":0,"34":0,"35":0},"f":{"0":0,"1":0,"2":0,"3":0,"4":0,"5":0},"b":{"0":[0,0],"1":[0,0],"2":[0,0],"3":[0,0],"4":[0,0],"5":[0,0],"6":[0,0],"7":[0,0],"8":[0,0],"9":[0,0]}}
,"C:\\Users\\pc\\Desktop\\SD Project\\deployment\\ProjectX_Dev_Hub\\public\\js\\admin-events.js": {"path":"C:\\Users\\pc\\Desktop\\SD Project\\deployment\\ProjectX_Dev_Hub\\public\\js\\admin-events.js","statementMap":{"0":{"start":{"line":2,"column":0},"end":{"line":40,"column":3}},"1":{"start":{"line":3,"column":28},"end":{"line":3,"column":61}},"2":{"start":{"line":5,"column":4},"end":{"line":39,"column":5}},"3":{"start":{"line":6,"column":25},"end":{"line":6,"column":55}},"4":{"start":{"line":7,"column":23},"end":{"line":7,"column":44}},"5":{"start":{"line":9,"column":8},"end":{"line":35,"column":9}},"6":{"start":{"line":10,"column":12},"end":{"line":32,"column":15}},"7":{"start":{"line":11,"column":29},"end":{"line":11,"column":62}},"8":{"start":{"line":12,"column":16},"end":{"line":12,"column":49}},"9":{"start":{"line":14,"column":30},"end":{"line":14,"column":59}},"10":{"start":{"line":15,"column":16},"end":{"line":15,"column":43}},"11":{"start":{"line":16,"column":16},"end":{"line":16,"column":48}},"12":{"start":{"line":17,"column":16},"end":{"line":17,"column":51}},"13":{"start":{"line":19,"column":30},"end":{"line":19,"column":58}},"14":{"start":{"line":20,"column":16},"end":{"line":20,"column":48}},"15":{"start":{"line":22,"column":31},"end":{"line":22,"column":63}},"16":{"start":{"line":23,"column":16},"end":{"line":23,"column":54}},"17":{"start":{"line":24,"column":16},"end":{"line":24,"column":49}},"18":{"start":{"line":25,"column":16},"end":{"line":25,"column":73}},"19":{"start":{"line":25,"column":55},"end":{"line":25,"column":71}},"20":{"start":{"line":27,"column":16},"end":{"line":27,"column":40}},"21":{"start":{"line":28,"column":16},"end":{"line":28,"column":40}},"22":{"start":{"line":29,"column":16},"end":{"line":29,"column":41}},"23":{"start":{"line":31,"column":16},"end":{"line":31,"column":50}},"24":{"start":{"line":34,"column":12},"end":{"line":34,"column":67}},"25":{"start":{"line":37,"column":8},"end":{"line":37,"column":55}},"26":{"start":{"line":38,"column":8},"end":{"line":38,"column":74}},"27":{"start":{"line":43,"column":26},"end":{"line":48,"column":6}},"28":{"start":{"line":50,"column":25},"end":{"line":50,"column":54}},"29":{"start":{"line":51,"column":4},"end":{"line":51,"column":48}},"30":{"start":{"line":53,"column":18},"end":{"line":53,"column":47}},"31":{"start":{"line":54,"column":4},"end":{"line":54,"column":33}},"32":{"start":{"line":56,"column":4},"end":{"line":68,"column":6}},"33":{"start":{"line":70,"column":4},"end":{"line":70,"column":36}},"34":{"start":{"line":71,"column":4},"end":{"line":71,"column":44}},"35":{"start":{"line":73,"column":4},"end":{"line":75,"column":7}},"36":{"start":{"line":74,"column":8},"end":{"line":74,"column":30}},"37":{"start":{"line":79,"column":23},"end":{"line":84,"column":5}},"38":{"start":{"line":85,"column":4},"end":{"line":85,"column":56}}},"fnMap":{"0":{"name":"(anonymous_0)","decl":{"start":{"line":2,"column":46},"end":{"line":2,"column":47}},"loc":{"start":{"line":2,"column":58},"end":{"line":40,"column":1}},"line":2},"1":{"name":"(anonymous_1)","decl":{"start":{"line":10,"column":32},"end":{"line":10,"column":33}},"loc":{"start":{"line":10,"column":41},"end":{"line":32,"column":13}},"line":10},"2":{"name":"(anonymous_2)","decl":{"start":{"line":25,"column":49},"end":{"line":25,"column":50}},"loc":{"start":{"line":25,"column":55},"end":{"line":25,"column":71}},"line":25},"3":{"name":"showModal","decl":{"start":{"line":42,"column":9},"end":{"line":42,"column":18}},"loc":{"start":{"line":42,"column":26},"end":{"line":76,"column":1}},"line":42},"4":{"name":"(anonymous_4)","decl":{"start":{"line":73,"column":69},"end":{"line":73,"column":70}},"loc":{"start":{"line":73,"column":75},"end":{"line":75,"column":5}},"line":73},"5":{"name":"getFacilityName","decl":{"start":{"line":78,"column":9},"end":{"line":78,"column":24}},"loc":{"start":{"line":78,"column":37},"end":{"line":86,"column":1}},"line":78}},"branchMap":{"0":{"loc":{"start":{"line":9,"column":8},"end":{"line":35,"column":9}},"type":"if","locations":[{"start":{"line":9,"column":8},"end":{"line":35,"column":9}},{"start":{"line":33,"column":15},"end":{"line":35,"column":9}}],"line":9},"1":{"loc":{"start":{"line":85,"column":11},"end":{"line":85,"column":55}},"type":"binary-expr","locations":[{"start":{"line":85,"column":11},"end":{"line":85,"column":33}},{"start":{"line":85,"column":37},"end":{"line":85,"column":55}}],"line":85}},"s":{"0":0,"1":0,"2":0,"3":0,"4":0,"5":0,"6":0,"7":0,"8":0,"9":0,"10":0,"11":0,"12":0,"13":0,"14":0,"15":0,"16":0,"17":0,"18":0,"19":0,"20":0,"21":0,"22":0,"23":0,"24":0,"25":0,"26":0,"27":0,"28":0,"29":0,"30":0,"31":0,"32":0,"33":0,"34":0,"35":0,"36":0,"37":0,"38":0},"f":{"0":0,"1":0,"2":0,"3":0,"4":0,"5":0},"b":{"0":[0,0],"1":[0,0]}}
,"C:\\Users\\pc\\Desktop\\SD Project\\deployment\\ProjectX_Dev_Hub\\public\\js\\admin-notifications.js": {"path":"C:\\Users\\pc\\Desktop\\SD Project\\deployment\\ProjectX_Dev_Hub\\public\\js\\admin-notifications.js","statementMap":{"0":{"start":{"line":1,"column":0},"end":{"line":86,"column":3}},"1":{"start":{"line":3,"column":4},"end":{"line":43,"column":6}},"2":{"start":{"line":9,"column":22},"end":{"line":9,"column":37}},"3":{"start":{"line":11,"column":30},"end":{"line":11,"column":47}},"4":{"start":{"line":12,"column":41},"end":{"line":12,"column":94}},"5":{"start":{"line":13,"column":8},"end":{"line":13,"column":46}},"6":{"start":{"line":15,"column":8},"end":{"line":39,"column":11}},"7":{"start":{"line":16,"column":23},"end":{"line":16,"column":51}},"8":{"start":{"line":17,"column":12},"end":{"line":17,"column":42}},"9":{"start":{"line":18,"column":28},"end":{"line":18,"column":55}},"10":{"start":{"line":21,"column":34},"end":{"line":25,"column":14}},"11":{"start":{"line":28,"column":32},"end":{"line":28,"column":75}},"12":{"start":{"line":30,"column":12},"end":{"line":37,"column":14}},"13":{"start":{"line":38,"column":12},"end":{"line":38,"column":53}},"14":{"start":{"line":42,"column":7},"end":{"line":42,"column":65}},"15":{"start":{"line":45,"column":4},"end":{"line":85,"column":6}},"16":{"start":{"line":51,"column":22},"end":{"line":51,"column":37}},"17":{"start":{"line":53,"column":30},"end":{"line":53,"column":47}},"18":{"start":{"line":54,"column":41},"end":{"line":54,"column":90}},"19":{"start":{"line":55,"column":8},"end":{"line":55,"column":46}},"20":{"start":{"line":57,"column":8},"end":{"line":81,"column":11}},"21":{"start":{"line":58,"column":23},"end":{"line":58,"column":51}},"22":{"start":{"line":59,"column":12},"end":{"line":59,"column":42}},"23":{"start":{"line":60,"column":28},"end":{"line":60,"column":55}},"24":{"start":{"line":63,"column":34},"end":{"line":67,"column":14}},"25":{"start":{"line":70,"column":32},"end":{"line":70,"column":75}},"26":{"start":{"line":72,"column":12},"end":{"line":79,"column":14}},"27":{"start":{"line":80,"column":12},"end":{"line":80,"column":53}},"28":{"start":{"line":84,"column":7},"end":{"line":84,"column":65}}},"fnMap":{"0":{"name":"(anonymous_0)","decl":{"start":{"line":1,"column":46},"end":{"line":1,"column":47}},"loc":{"start":{"line":1,"column":52},"end":{"line":86,"column":1}},"line":1},"1":{"name":"(anonymous_1)","decl":{"start":{"line":9,"column":10},"end":{"line":9,"column":11}},"loc":{"start":{"line":9,"column":22},"end":{"line":9,"column":37}},"line":9},"2":{"name":"(anonymous_2)","decl":{"start":{"line":10,"column":10},"end":{"line":10,"column":11}},"loc":{"start":{"line":10,"column":18},"end":{"line":40,"column":5}},"line":10},"3":{"name":"(anonymous_3)","decl":{"start":{"line":15,"column":30},"end":{"line":15,"column":31}},"loc":{"start":{"line":15,"column":46},"end":{"line":39,"column":9}},"line":15},"4":{"name":"(anonymous_4)","decl":{"start":{"line":41,"column":11},"end":{"line":41,"column":12}},"loc":{"start":{"line":41,"column":20},"end":{"line":43,"column":5}},"line":41},"5":{"name":"(anonymous_5)","decl":{"start":{"line":51,"column":10},"end":{"line":51,"column":11}},"loc":{"start":{"line":51,"column":22},"end":{"line":51,"column":37}},"line":51},"6":{"name":"(anonymous_6)","decl":{"start":{"line":52,"column":10},"end":{"line":52,"column":11}},"loc":{"start":{"line":52,"column":18},"end":{"line":82,"column":5}},"line":52},"7":{"name":"(anonymous_7)","decl":{"start":{"line":57,"column":30},"end":{"line":57,"column":31}},"loc":{"start":{"line":57,"column":46},"end":{"line":81,"column":9}},"line":57},"8":{"name":"(anonymous_8)","decl":{"start":{"line":83,"column":11},"end":{"line":83,"column":12}},"loc":{"start":{"line":83,"column":20},"end":{"line":85,"column":5}},"line":83}},"branchMap":{"0":{"loc":{"start":{"line":11,"column":30},"end":{"line":11,"column":47}},"type":"binary-expr","locations":[{"start":{"line":11,"column":30},"end":{"line":11,"column":39}},{"start":{"line":11,"column":43},"end":{"line":11,"column":47}}],"line":11},"1":{"loc":{"start":{"line":53,"column":30},"end":{"line":53,"column":47}},"type":"binary-expr","locations":[{"start":{"line":53,"column":30},"end":{"line":53,"column":39}},{"start":{"line":53,"column":43},"end":{"line":53,"column":47}}],"line":53}},"s":{"0":0,"1":0,"2":0,"3":0,"4":0,"5":0,"6":0,"7":0,"8":0,"9":0,"10":0,"11":0,"12":0,"13":0,"14":0,"15":0,"16":0,"17":0,"18":0,"19":0,"20":0,"21":0,"22":0,"23":0,"24":0,"25":0,"26":0,"27":0,"28":0},"f":{"0":0,"1":0,"2":0,"3":0,"4":0,"5":0,"6":0,"7":0,"8":0},"b":{"0":[0,0],"1":[0,0]}}
,"C:\\Users\\pc\\Desktop\\SD Project\\deployment\\ProjectX_Dev_Hub\\public\\js\\admin.js": {"path":"C:\\Users\\pc\\Desktop\\SD Project\\deployment\\ProjectX_Dev_Hub\\public\\js\\admin.js","statementMap":{"0":{"start":{"line":1,"column":0},"end":{"line":212,"column":3}},"1":{"start":{"line":3,"column":19},"end":{"line":3,"column":23}},"2":{"start":{"line":4,"column":4},"end":{"line":11,"column":7}},"3":{"start":{"line":5,"column":8},"end":{"line":5,"column":59}},"4":{"start":{"line":7,"column":8},"end":{"line":10,"column":10}},"5":{"start":{"line":8,"column":12},"end":{"line":8,"column":61}},"6":{"start":{"line":9,"column":12},"end":{"line":9,"column":99}},"7":{"start":{"line":12,"column":4},"end":{"line":14,"column":6}},"8":{"start":{"line":13,"column":8},"end":{"line":13,"column":46}},"9":{"start":{"line":16,"column":18},"end":{"line":16,"column":48}},"10":{"start":{"line":17,"column":22},"end":{"line":17,"column":59}},"11":{"start":{"line":19,"column":4},"end":{"line":192,"column":7}},"12":{"start":{"line":25,"column":22},"end":{"line":25,"column":37}},"13":{"start":{"line":27,"column":22},"end":{"line":27,"column":39}},"14":{"start":{"line":29,"column":8},"end":{"line":29,"column":33}},"15":{"start":{"line":31,"column":8},"end":{"line":188,"column":11}},"16":{"start":{"line":33,"column":29},"end":{"line":33,"column":38}},"17":{"start":{"line":34,"column":30},"end":{"line":34,"column":40}},"18":{"start":{"line":36,"column":24},"end":{"line":36,"column":52}},"19":{"start":{"line":38,"column":27},"end":{"line":38,"column":55}},"20":{"start":{"line":39,"column":12},"end":{"line":39,"column":41}},"21":{"start":{"line":41,"column":29},"end":{"line":41,"column":57}},"22":{"start":{"line":42,"column":12},"end":{"line":42,"column":45}},"23":{"start":{"line":44,"column":29},"end":{"line":44,"column":57}},"24":{"start":{"line":45,"column":35},"end":{"line":45,"column":93}},"25":{"start":{"line":46,"column":12},"end":{"line":46,"column":50}},"26":{"start":{"line":48,"column":32},"end":{"line":48,"column":60}},"27":{"start":{"line":50,"column":31},"end":{"line":50,"column":63}},"28":{"start":{"line":51,"column":12},"end":{"line":51,"column":49}},"29":{"start":{"line":52,"column":12},"end":{"line":56,"column":13}},"30":{"start":{"line":53,"column":16},"end":{"line":53,"column":55}},"31":{"start":{"line":55,"column":16},"end":{"line":55,"column":53}},"32":{"start":{"line":58,"column":33},"end":{"line":58,"column":65}},"33":{"start":{"line":59,"column":12},"end":{"line":59,"column":60}},"34":{"start":{"line":61,"column":12},"end":{"line":67,"column":13}},"35":{"start":{"line":62,"column":16},"end":{"line":62,"column":59}},"36":{"start":{"line":63,"column":16},"end":{"line":63,"column":45}},"37":{"start":{"line":65,"column":16},"end":{"line":65,"column":59}},"38":{"start":{"line":66,"column":16},"end":{"line":66,"column":46}},"39":{"start":{"line":69,"column":12},"end":{"line":145,"column":19}},"40":{"start":{"line":70,"column":31},"end":{"line":70,"column":63}},"41":{"start":{"line":71,"column":16},"end":{"line":76,"column":19}},"42":{"start":{"line":72,"column":35},"end":{"line":72,"column":67}},"43":{"start":{"line":73,"column":20},"end":{"line":73,"column":40}},"44":{"start":{"line":74,"column":20},"end":{"line":74,"column":46}},"45":{"start":{"line":75,"column":20},"end":{"line":75,"column":47}},"46":{"start":{"line":78,"column":16},"end":{"line":78,"column":81}},"47":{"start":{"line":80,"column":35},"end":{"line":80,"column":67}},"48":{"start":{"line":81,"column":16},"end":{"line":81,"column":51}},"49":{"start":{"line":82,"column":16},"end":{"line":82,"column":52}},"50":{"start":{"line":84,"column":16},"end":{"line":84,"column":50}},"51":{"start":{"line":85,"column":16},"end":{"line":85,"column":48}},"52":{"start":{"line":86,"column":16},"end":{"line":86,"column":52}},"53":{"start":{"line":88,"column":16},"end":{"line":144,"column":23}},"54":{"start":{"line":89,"column":41},"end":{"line":89,"column":53}},"55":{"start":{"line":90,"column":39},"end":{"line":90,"column":46}},"56":{"start":{"line":92,"column":20},"end":{"line":118,"column":22}},"57":{"start":{"line":100,"column":24},"end":{"line":104,"column":25}},"58":{"start":{"line":101,"column":28},"end":{"line":103,"column":31}},"59":{"start":{"line":102,"column":32},"end":{"line":102,"column":93}},"60":{"start":{"line":105,"column":24},"end":{"line":105,"column":47}},"61":{"start":{"line":108,"column":24},"end":{"line":108,"column":60}},"62":{"start":{"line":109,"column":24},"end":{"line":109,"column":49}},"63":{"start":{"line":111,"column":24},"end":{"line":111,"column":61}},"64":{"start":{"line":112,"column":24},"end":{"line":112,"column":66}},"65":{"start":{"line":113,"column":24},"end":{"line":113,"column":67}},"66":{"start":{"line":114,"column":24},"end":{"line":114,"column":54}},"67":{"start":{"line":116,"column":24},"end":{"line":116,"column":40}},"68":{"start":{"line":117,"column":24},"end":{"line":117,"column":44}},"69":{"start":{"line":120,"column":20},"end":{"line":136,"column":23}},"70":{"start":{"line":130,"column":43},"end":{"line":130,"column":63}},"71":{"start":{"line":132,"column":24},"end":{"line":132,"column":70}},"72":{"start":{"line":135,"column":24},"end":{"line":135,"column":83}},"73":{"start":{"line":140,"column":24},"end":{"line":140,"column":73}},"74":{"start":{"line":141,"column":24},"end":{"line":141,"column":40}},"75":{"start":{"line":142,"column":24},"end":{"line":142,"column":44}},"76":{"start":{"line":143,"column":24},"end":{"line":143,"column":66}},"77":{"start":{"line":147,"column":12},"end":{"line":177,"column":15}},"78":{"start":{"line":148,"column":16},"end":{"line":148,"column":45}},"79":{"start":{"line":148,"column":38},"end":{"line":148,"column":45}},"80":{"start":{"line":150,"column":35},"end":{"line":150,"column":42}},"81":{"start":{"line":152,"column":16},"end":{"line":176,"column":19}},"82":{"start":{"line":159,"column":20},"end":{"line":163,"column":21}},"83":{"start":{"line":160,"column":24},"end":{"line":162,"column":27}},"84":{"start":{"line":161,"column":28},"end":{"line":161,"column":86}},"85":{"start":{"line":164,"column":20},"end":{"line":164,"column":43}},"86":{"start":{"line":167,"column":20},"end":{"line":167,"column":46}},"87":{"start":{"line":168,"column":20},"end":{"line":168,"column":35}},"88":{"start":{"line":170,"column":20},"end":{"line":170,"column":59}},"89":{"start":{"line":171,"column":20},"end":{"line":171,"column":63}},"90":{"start":{"line":172,"column":20},"end":{"line":172,"column":49}},"91":{"start":{"line":175,"column":20},"end":{"line":175,"column":71}},"92":{"start":{"line":179,"column":12},"end":{"line":179,"column":48}},"93":{"start":{"line":180,"column":12},"end":{"line":180,"column":50}},"94":{"start":{"line":182,"column":12},"end":{"line":182,"column":36}},"95":{"start":{"line":183,"column":12},"end":{"line":183,"column":38}},"96":{"start":{"line":184,"column":12},"end":{"line":184,"column":38}},"97":{"start":{"line":185,"column":12},"end":{"line":185,"column":41}},"98":{"start":{"line":187,"column":12},"end":{"line":187,"column":39}},"99":{"start":{"line":191,"column":8},"end":{"line":191,"column":54}},"100":{"start":{"line":194,"column":23},"end":{"line":194,"column":61}},"101":{"start":{"line":195,"column":24},"end":{"line":195,"column":62}},"102":{"start":{"line":197,"column":4},"end":{"line":211,"column":7}},"103":{"start":{"line":198,"column":8},"end":{"line":198,"column":27}},"104":{"start":{"line":199,"column":22},"end":{"line":199,"column":60}},"105":{"start":{"line":201,"column":8},"end":{"line":210,"column":11}},"106":{"start":{"line":202,"column":27},"end":{"line":202,"column":68}},"107":{"start":{"line":203,"column":29},"end":{"line":203,"column":70}},"108":{"start":{"line":205,"column":12},"end":{"line":209,"column":13}},"109":{"start":{"line":206,"column":16},"end":{"line":206,"column":39}},"110":{"start":{"line":208,"column":16},"end":{"line":208,"column":43}}},"fnMap":{"0":{"name":"(anonymous_0)","decl":{"start":{"line":1,"column":46},"end":{"line":1,"column":47}},"loc":{"start":{"line":1,"column":52},"end":{"line":212,"column":1}},"line":1},"1":{"name":"(anonymous_1)","decl":{"start":{"line":4,"column":25},"end":{"line":4,"column":26}},"loc":{"start":{"line":4,"column":35},"end":{"line":11,"column":5}},"line":4},"2":{"name":"(anonymous_2)","decl":{"start":{"line":7,"column":36},"end":{"line":7,"column":37}},"loc":{"start":{"line":7,"column":54},"end":{"line":10,"column":9}},"line":7},"3":{"name":"(anonymous_3)","decl":{"start":{"line":12,"column":28},"end":{"line":12,"column":29}},"loc":{"start":{"line":12,"column":38},"end":{"line":14,"column":5}},"line":12},"4":{"name":"(anonymous_4)","decl":{"start":{"line":25,"column":10},"end":{"line":25,"column":11}},"loc":{"start":{"line":25,"column":22},"end":{"line":25,"column":37}},"line":25},"5":{"name":"(anonymous_5)","decl":{"start":{"line":26,"column":10},"end":{"line":26,"column":11}},"loc":{"start":{"line":26,"column":18},"end":{"line":189,"column":5}},"line":26},"6":{"name":"(anonymous_6)","decl":{"start":{"line":31,"column":22},"end":{"line":31,"column":23}},"loc":{"start":{"line":31,"column":30},"end":{"line":188,"column":9}},"line":31},"7":{"name":"(anonymous_7)","decl":{"start":{"line":69,"column":49},"end":{"line":69,"column":50}},"loc":{"start":{"line":69,"column":55},"end":{"line":145,"column":17}},"line":69},"8":{"name":"(anonymous_8)","decl":{"start":{"line":71,"column":30},"end":{"line":71,"column":31}},"loc":{"start":{"line":71,"column":38},"end":{"line":76,"column":17}},"line":71},"9":{"name":"(anonymous_9)","decl":{"start":{"line":88,"column":53},"end":{"line":88,"column":54}},"loc":{"start":{"line":88,"column":59},"end":{"line":137,"column":17}},"line":88},"10":{"name":"(anonymous_10)","decl":{"start":{"line":99,"column":26},"end":{"line":99,"column":27}},"loc":{"start":{"line":99,"column":38},"end":{"line":106,"column":21}},"line":99},"11":{"name":"(anonymous_11)","decl":{"start":{"line":101,"column":56},"end":{"line":101,"column":57}},"loc":{"start":{"line":101,"column":63},"end":{"line":103,"column":29}},"line":101},"12":{"name":"(anonymous_12)","decl":{"start":{"line":107,"column":26},"end":{"line":107,"column":27}},"loc":{"start":{"line":107,"column":34},"end":{"line":118,"column":21}},"line":107},"13":{"name":"(anonymous_13)","decl":{"start":{"line":130,"column":26},"end":{"line":130,"column":27}},"loc":{"start":{"line":130,"column":43},"end":{"line":130,"column":63}},"line":130},"14":{"name":"(anonymous_14)","decl":{"start":{"line":131,"column":26},"end":{"line":131,"column":27}},"loc":{"start":{"line":131,"column":39},"end":{"line":133,"column":21}},"line":131},"15":{"name":"(anonymous_15)","decl":{"start":{"line":134,"column":27},"end":{"line":134,"column":28}},"loc":{"start":{"line":134,"column":41},"end":{"line":136,"column":21}},"line":134},"16":{"name":"(anonymous_16)","decl":{"start":{"line":139,"column":27},"end":{"line":139,"column":28}},"loc":{"start":{"line":139,"column":36},"end":{"line":144,"column":21}},"line":139},"17":{"name":"(anonymous_17)","decl":{"start":{"line":147,"column":51},"end":{"line":147,"column":52}},"loc":{"start":{"line":147,"column":57},"end":{"line":177,"column":13}},"line":147},"18":{"name":"(anonymous_18)","decl":{"start":{"line":158,"column":22},"end":{"line":158,"column":23}},"loc":{"start":{"line":158,"column":34},"end":{"line":165,"column":17}},"line":158},"19":{"name":"(anonymous_19)","decl":{"start":{"line":160,"column":52},"end":{"line":160,"column":53}},"loc":{"start":{"line":160,"column":59},"end":{"line":162,"column":25}},"line":160},"20":{"name":"(anonymous_20)","decl":{"start":{"line":166,"column":22},"end":{"line":166,"column":23}},"loc":{"start":{"line":166,"column":30},"end":{"line":173,"column":17}},"line":166},"21":{"name":"(anonymous_21)","decl":{"start":{"line":174,"column":23},"end":{"line":174,"column":24}},"loc":{"start":{"line":174,"column":32},"end":{"line":176,"column":17}},"line":174},"22":{"name":"(anonymous_22)","decl":{"start":{"line":190,"column":11},"end":{"line":190,"column":12}},"loc":{"start":{"line":190,"column":22},"end":{"line":192,"column":5}},"line":190},"23":{"name":"(anonymous_23)","decl":{"start":{"line":197,"column":42},"end":{"line":197,"column":43}},"loc":{"start":{"line":197,"column":55},"end":{"line":211,"column":5}},"line":197},"24":{"name":"(anonymous_24)","decl":{"start":{"line":201,"column":60},"end":{"line":201,"column":61}},"loc":{"start":{"line":201,"column":67},"end":{"line":210,"column":9}},"line":201}},"branchMap":{"0":{"loc":{"start":{"line":27,"column":22},"end":{"line":27,"column":39}},"type":"binary-expr","locations":[{"start":{"line":27,"column":22},"end":{"line":27,"column":31}},{"start":{"line":27,"column":35},"end":{"line":27,"column":39}}],"line":27},"1":{"loc":{"start":{"line":45,"column":35},"end":{"line":45,"column":93}},"type":"cond-expr","locations":[{"start":{"line":45,"column":79},"end":{"line":45,"column":81}},{"start":{"line":45,"column":84},"end":{"line":45,"column":93}}],"line":45},"2":{"loc":{"start":{"line":45,"column":36},"end":{"line":45,"column":75}},"type":"binary-expr","locations":[{"start":{"line":45,"column":36},"end":{"line":45,"column":46}},{"start":{"line":45,"column":50},"end":{"line":45,"column":75}}],"line":45},"3":{"loc":{"start":{"line":52,"column":12},"end":{"line":56,"column":13}},"type":"if","locations":[{"start":{"line":52,"column":12},"end":{"line":56,"column":13}},{"start":{"line":54,"column":19},"end":{"line":56,"column":13}}],"line":52},"4":{"loc":{"start":{"line":61,"column":12},"end":{"line":67,"column":13}},"type":"if","locations":[{"start":{"line":61,"column":12},"end":{"line":67,"column":13}},{"start":{"line":64,"column":19},"end":{"line":67,"column":13}}],"line":61},"5":{"loc":{"start":{"line":78,"column":31},"end":{"line":78,"column":80}},"type":"cond-expr","locations":[{"start":{"line":78,"column":55},"end":{"line":78,"column":63}},{"start":{"line":78,"column":66},"end":{"line":78,"column":80}}],"line":78},"6":{"loc":{"start":{"line":100,"column":24},"end":{"line":104,"column":25}},"type":"if","locations":[{"start":{"line":100,"column":24},"end":{"line":104,"column":25}},{"start":{},"end":{}}],"line":100},"7":{"loc":{"start":{"line":102,"column":48},"end":{"line":102,"column":91}},"type":"binary-expr","locations":[{"start":{"line":102,"column":48},"end":{"line":102,"column":59}},{"start":{"line":102,"column":63},"end":{"line":102,"column":91}}],"line":102},"8":{"loc":{"start":{"line":148,"column":16},"end":{"line":148,"column":45}},"type":"if","locations":[{"start":{"line":148,"column":16},"end":{"line":148,"column":45}},{"start":{},"end":{}}],"line":148},"9":{"loc":{"start":{"line":159,"column":20},"end":{"line":163,"column":21}},"type":"if","locations":[{"start":{"line":159,"column":20},"end":{"line":163,"column":21}},{"start":{},"end":{}}],"line":159},"10":{"loc":{"start":{"line":161,"column":44},"end":{"line":161,"column":84}},"type":"binary-expr","locations":[{"start":{"line":161,"column":44},"end":{"line":161,"column":55}},{"start":{"line":161,"column":59},"end":{"line":161,"column":84}}],"line":161},"11":{"loc":{"start":{"line":205,"column":12},"end":{"line":209,"column":13}},"type":"if","locations":[{"start":{"line":205,"column":12},"end":{"line":209,"column":13}},{"start":{"line":207,"column":19},"end":{"line":209,"column":13}}],"line":205},"12":{"loc":{"start":{"line":205,"column":16},"end":{"line":205,"column":66}},"type":"binary-expr","locations":[{"start":{"line":205,"column":16},"end":{"line":205,"column":38}},{"start":{"line":205,"column":42},"end":{"line":205,"column":66}}],"line":205}},"s":{"0":0,"1":0,"2":0,"3":0,"4":0,"5":0,"6":0,"7":0,"8":0,"9":0,"10":0,"11":0,"12":0,"13":0,"14":0,"15":0,"16":0,"17":0,"18":0,"19":0,"20":0,"21":0,"22":0,"23":0,"24":0,"25":0,"26":0,"27":0,"28":0,"29":0,"30":0,"31":0,"32":0,"33":0,"34":0,"35":0,"36":0,"37":0,"38":0,"39":0,"40":0,"41":0,"42":0,"43":0,"44":0,"45":0,"46":0,"47":0,"48":0,"49":0,"50":0,"51":0,"52":0,"53":0,"54":0,"55":0,"56":0,"57":0,"58":0,"59":0,"60":0,"61":0,"62":0,"63":0,"64":0,"65":0,"66":0,"67":0,"68":0,"69":0,"70":0,"71":0,"72":0,"73":0,"74":0,"75":0,"76":0,"77":0,"78":0,"79":0,"80":0,"81":0,"82":0,"83":0,"84":0,"85":0,"86":0,"87":0,"88":0,"89":0,"90":0,"91":0,"92":0,"93":0,"94":0,"95":0,"96":0,"97":0,"98":0,"99":0,"100":0,"101":0,"102":0,"103":0,"104":0,"105":0,"106":0,"107":0,"108":0,"109":0,"110":0},"f":{"0":0,"1":0,"2":0,"3":0,"4":0,"5":0,"6":0,"7":0,"8":0,"9":0,"10":0,"11":0,"12":0,"13":0,"14":0,"15":0,"16":0,"17":0,"18":0,"19":0,"20":0,"21":0,"22":0,"23":0,"24":0},"b":{"0":[0,0],"1":[0,0],"2":[0,0],"3":[0,0],"4":[0,0],"5":[0,0],"6":[0,0],"7":[0,0],"8":[0,0],"9":[0,0],"10":[0,0],"11":[0,0],"12":[0,0]}}
,"C:\\Users\\pc\\Desktop\\SD Project\\deployment\\ProjectX_Dev_Hub\\public\\js\\auth.js": {"path":"C:\\Users\\pc\\Desktop\\SD Project\\deployment\\ProjectX_Dev_Hub\\public\\js\\auth.js","statementMap":{"0":{"start":{"line":1,"column":23},"end":{"line":8,"column":1}},"1":{"start":{"line":9,"column":0},"end":{"line":9,"column":39}},"2":{"start":{"line":10,"column":13},"end":{"line":10,"column":28}},"3":{"start":{"line":13,"column":23},"end":{"line":13,"column":61}},"4":{"start":{"line":14,"column":24},"end":{"line":14,"column":63}},"5":{"start":{"line":16,"column":15},"end":{"line":16,"column":19}},"6":{"start":{"line":18,"column":2},"end":{"line":20,"column":9}},"7":{"start":{"line":19,"column":2},"end":{"line":19,"column":60}},"8":{"start":{"line":23,"column":0},"end":{"line":104,"column":3}},"9":{"start":{"line":24,"column":2},"end":{"line":103,"column":5}},"10":{"start":{"line":27,"column":25},"end":{"line":27,"column":42}},"11":{"start":{"line":28,"column":20},"end":{"line":28,"column":42}},"12":{"start":{"line":31,"column":19},"end":{"line":31,"column":30}},"13":{"start":{"line":34,"column":23},"end":{"line":47,"column":7}},"14":{"start":{"line":49,"column":6},"end":{"line":49,"column":60}},"15":{"start":{"line":51,"column":6},"end":{"line":59,"column":9}},"16":{"start":{"line":63,"column":6},"end":{"line":63,"column":74}},"17":{"start":{"line":67,"column":6},"end":{"line":83,"column":9}},"18":{"start":{"line":75,"column":24},"end":{"line":75,"column":39}},"19":{"start":{"line":77,"column":10},"end":{"line":77,"column":40}},"20":{"start":{"line":81,"column":10},"end":{"line":81,"column":41}},"21":{"start":{"line":86,"column":6},"end":{"line":86,"column":68}},"22":{"start":{"line":90,"column":24},"end":{"line":90,"column":34}},"23":{"start":{"line":91,"column":27},"end":{"line":91,"column":40}},"24":{"start":{"line":92,"column":20},"end":{"line":92,"column":31}},"25":{"start":{"line":93,"column":25},"end":{"line":93,"column":41}},"26":{"start":{"line":95,"column":6},"end":{"line":100,"column":9}},"27":{"start":{"line":102,"column":6},"end":{"line":102,"column":58}},"28":{"start":{"line":107,"column":0},"end":{"line":112,"column":3}},"29":{"start":{"line":108,"column":2},"end":{"line":111,"column":3}},"30":{"start":{"line":110,"column":6},"end":{"line":110,"column":51}}},"fnMap":{"0":{"name":"(anonymous_0)","decl":{"start":{"line":18,"column":23},"end":{"line":18,"column":24}},"loc":{"start":{"line":18,"column":34},"end":{"line":20,"column":7}},"line":18},"1":{"name":"(anonymous_1)","decl":{"start":{"line":23,"column":42},"end":{"line":23,"column":43}},"loc":{"start":{"line":23,"column":48},"end":{"line":104,"column":1}},"line":23},"2":{"name":"(anonymous_2)","decl":{"start":{"line":25,"column":8},"end":{"line":25,"column":9}},"loc":{"start":{"line":25,"column":20},"end":{"line":88,"column":3}},"line":25},"3":{"name":"(anonymous_3)","decl":{"start":{"line":75,"column":12},"end":{"line":75,"column":13}},"loc":{"start":{"line":75,"column":24},"end":{"line":75,"column":39}},"line":75},"4":{"name":"(anonymous_4)","decl":{"start":{"line":76,"column":12},"end":{"line":76,"column":13}},"loc":{"start":{"line":76,"column":20},"end":{"line":79,"column":7}},"line":76},"5":{"name":"(anonymous_5)","decl":{"start":{"line":80,"column":13},"end":{"line":80,"column":14}},"loc":{"start":{"line":80,"column":24},"end":{"line":83,"column":7}},"line":80},"6":{"name":"(anonymous_6)","decl":{"start":{"line":89,"column":9},"end":{"line":89,"column":10}},"loc":{"start":{"line":89,"column":20},"end":{"line":103,"column":3}},"line":89},"7":{"name":"(anonymous_7)","decl":{"start":{"line":107,"column":24},"end":{"line":107,"column":25}},"loc":{"start":{"line":107,"column":34},"end":{"line":112,"column":1}},"line":107}},"branchMap":{"0":{"loc":{"start":{"line":108,"column":2},"end":{"line":111,"column":3}},"type":"if","locations":[{"start":{"line":108,"column":2},"end":{"line":111,"column":3}},{"start":{},"end":{}}],"line":108}},"s":{"0":0,"1":0,"2":0,"3":0,"4":0,"5":0,"6":0,"7":0,"8":0,"9":0,"10":0,"11":0,"12":0,"13":0,"14":0,"15":0,"16":0,"17":0,"18":0,"19":0,"20":0,"21":0,"22":0,"23":0,"24":0,"25":0,"26":0,"27":0,"28":0,"29":0,"30":0},"f":{"0":0,"1":0,"2":0,"3":0,"4":0,"5":0,"6":0,"7":0},"b":{"0":[0,0]}}
,"C:\\Users\\pc\\Desktop\\SD Project\\deployment\\ProjectX_Dev_Hub\\public\\js\\bookingPage.js": {"path":"C:\\Users\\pc\\Desktop\\SD Project\\deployment\\ProjectX_Dev_Hub\\public\\js\\bookingPage.js","statementMap":{"0":{"start":{"line":5,"column":23},"end":{"line":12,"column":3}},"1":{"start":{"line":14,"column":12},"end":{"line":14,"column":41}},"2":{"start":{"line":15,"column":13},"end":{"line":15,"column":25}},"3":{"start":{"line":17,"column":0},"end":{"line":282,"column":3}},"4":{"start":{"line":19,"column":30},"end":{"line":19,"column":67}},"5":{"start":{"line":20,"column":27},"end":{"line":20,"column":69}},"6":{"start":{"line":21,"column":32},"end":{"line":21,"column":79}},"7":{"start":{"line":22,"column":24},"end":{"line":22,"column":65}},"8":{"start":{"line":23,"column":24},"end":{"line":23,"column":63}},"9":{"start":{"line":24,"column":31},"end":{"line":24,"column":71}},"10":{"start":{"line":25,"column":29},"end":{"line":25,"column":68}},"11":{"start":{"line":26,"column":27},"end":{"line":26,"column":63}},"12":{"start":{"line":27,"column":26},"end":{"line":27,"column":67}},"13":{"start":{"line":28,"column":29},"end":{"line":28,"column":74}},"14":{"start":{"line":29,"column":30},"end":{"line":29,"column":75}},"15":{"start":{"line":30,"column":26},"end":{"line":30,"column":67}},"16":{"start":{"line":31,"column":26},"end":{"line":31,"column":67}},"17":{"start":{"line":32,"column":34},"end":{"line":32,"column":83}},"18":{"start":{"line":33,"column":29},"end":{"line":33,"column":74}},"19":{"start":{"line":36,"column":28},"end":{"line":36,"column":59}},"20":{"start":{"line":37,"column":4},"end":{"line":37,"column":36}},"21":{"start":{"line":38,"column":4},"end":{"line":38,"column":39}},"22":{"start":{"line":39,"column":23},"end":{"line":39,"column":69}},"23":{"start":{"line":40,"column":4},"end":{"line":40,"column":41}},"24":{"start":{"line":41,"column":4},"end":{"line":41,"column":45}},"25":{"start":{"line":44,"column":18},"end":{"line":44,"column":56}},"26":{"start":{"line":45,"column":4},"end":{"line":45,"column":33}},"27":{"start":{"line":48,"column":30},"end":{"line":53,"column":5}},"28":{"start":{"line":56,"column":33},"end":{"line":69,"column":5}},"29":{"start":{"line":72,"column":4},"end":{"line":103,"column":7}},"30":{"start":{"line":73,"column":8},"end":{"line":102,"column":11}},"31":{"start":{"line":74,"column":31},"end":{"line":74,"column":54}},"32":{"start":{"line":75,"column":33},"end":{"line":75,"column":92}},"33":{"start":{"line":78,"column":12},"end":{"line":78,"column":52}},"34":{"start":{"line":79,"column":12},"end":{"line":79,"column":47}},"35":{"start":{"line":82,"column":12},"end":{"line":82,"column":40}},"36":{"start":{"line":83,"column":12},"end":{"line":83,"column":43}},"37":{"start":{"line":86,"column":12},"end":{"line":90,"column":13}},"38":{"start":{"line":87,"column":28},"end":{"line":87,"column":60}},"39":{"start":{"line":88,"column":16},"end":{"line":88,"column":41}},"40":{"start":{"line":89,"column":16},"end":{"line":89,"column":73}},"41":{"start":{"line":93,"column":12},"end":{"line":93,"column":42}},"42":{"start":{"line":96,"column":12},"end":{"line":96,"column":44}},"43":{"start":{"line":97,"column":12},"end":{"line":97,"column":42}},"44":{"start":{"line":98,"column":12},"end":{"line":98,"column":46}},"45":{"start":{"line":101,"column":12},"end":{"line":101,"column":37}},"46":{"start":{"line":107,"column":22},"end":{"line":107,"column":24}},"47":{"start":{"line":108,"column":39},"end":{"line":108,"column":70}},"48":{"start":{"line":109,"column":41},"end":{"line":109,"column":73}},"49":{"start":{"line":111,"column":26},"end":{"line":111,"column":34}},"50":{"start":{"line":112,"column":28},"end":{"line":112,"column":38}},"51":{"start":{"line":114,"column":8},"end":{"line":121,"column":9}},"52":{"start":{"line":116,"column":30},"end":{"line":116,"column":119}},"53":{"start":{"line":117,"column":28},"end":{"line":117,"column":55}},"54":{"start":{"line":118,"column":28},"end":{"line":118,"column":113}},"55":{"start":{"line":119,"column":12},"end":{"line":119,"column":50}},"56":{"start":{"line":120,"column":12},"end":{"line":120,"column":29}},"57":{"start":{"line":122,"column":8},"end":{"line":122,"column":21}},"58":{"start":{"line":127,"column":8},"end":{"line":127,"column":81}},"59":{"start":{"line":128,"column":8},"end":{"line":133,"column":11}},"60":{"start":{"line":129,"column":27},"end":{"line":129,"column":59}},"61":{"start":{"line":130,"column":12},"end":{"line":130,"column":32}},"62":{"start":{"line":131,"column":12},"end":{"line":131,"column":64}},"63":{"start":{"line":132,"column":12},"end":{"line":132,"column":47}},"64":{"start":{"line":138,"column":29},"end":{"line":138,"column":44}},"65":{"start":{"line":139,"column":8},"end":{"line":139,"column":79}},"66":{"start":{"line":144,"column":33},"end":{"line":144,"column":48}},"67":{"start":{"line":145,"column":23},"end":{"line":145,"column":48}},"68":{"start":{"line":146,"column":29},"end":{"line":146,"column":45}},"69":{"start":{"line":147,"column":8},"end":{"line":147,"column":54}},"70":{"start":{"line":152,"column":24},"end":{"line":152,"column":91}},"71":{"start":{"line":153,"column":8},"end":{"line":153,"column":73}},"72":{"start":{"line":158,"column":8},"end":{"line":158,"column":89}},"73":{"start":{"line":163,"column":0},"end":{"line":248,"column":3}},"74":{"start":{"line":164,"column":4},"end":{"line":164,"column":23}},"75":{"start":{"line":167,"column":25},"end":{"line":167,"column":49}},"76":{"start":{"line":170,"column":23},"end":{"line":175,"column":5}},"77":{"start":{"line":177,"column":23},"end":{"line":177,"column":56}},"78":{"start":{"line":179,"column":17},"end":{"line":179,"column":39}},"79":{"start":{"line":180,"column":17},"end":{"line":180,"column":37}},"80":{"start":{"line":181,"column":33},"end":{"line":181,"column":48}},"81":{"start":{"line":184,"column":23},"end":{"line":184,"column":27}},"82":{"start":{"line":185,"column":27},"end":{"line":185,"column":29}},"83":{"start":{"line":187,"column":4},"end":{"line":193,"column":5}},"84":{"start":{"line":188,"column":8},"end":{"line":192,"column":9}},"85":{"start":{"line":189,"column":12},"end":{"line":189,"column":70}},"86":{"start":{"line":190,"column":12},"end":{"line":190,"column":74}},"87":{"start":{"line":191,"column":12},"end":{"line":191,"column":18}},"88":{"start":{"line":196,"column":24},"end":{"line":201,"column":5}},"89":{"start":{"line":203,"column":4},"end":{"line":203,"column":49}},"90":{"start":{"line":205,"column":4},"end":{"line":247,"column":5}},"91":{"start":{"line":207,"column":25},"end":{"line":213,"column":10}},"92":{"start":{"line":215,"column":23},"end":{"line":215,"column":44}},"93":{"start":{"line":217,"column":8},"end":{"line":243,"column":9}},"94":{"start":{"line":218,"column":12},"end":{"line":218,"column":67}},"95":{"start":{"line":221,"column":12},"end":{"line":221,"column":72}},"96":{"start":{"line":222,"column":12},"end":{"line":222,"column":78}},"97":{"start":{"line":223,"column":12},"end":{"line":223,"column":82}},"98":{"start":{"line":225,"column":12},"end":{"line":230,"column":13}},"99":{"start":{"line":226,"column":16},"end":{"line":226,"column":69}},"100":{"start":{"line":227,"column":16},"end":{"line":227,"column":53}},"101":{"start":{"line":229,"column":16},"end":{"line":229,"column":52}},"102":{"start":{"line":233,"column":12},"end":{"line":233,"column":41}},"103":{"start":{"line":234,"column":12},"end":{"line":234,"column":47}},"104":{"start":{"line":235,"column":12},"end":{"line":235,"column":71}},"105":{"start":{"line":238,"column":12},"end":{"line":238,"column":32}},"106":{"start":{"line":239,"column":12},"end":{"line":239,"column":54}},"107":{"start":{"line":241,"column":12},"end":{"line":241,"column":65}},"108":{"start":{"line":242,"column":12},"end":{"line":242,"column":59}},"109":{"start":{"line":245,"column":8},"end":{"line":245,"column":60}},"110":{"start":{"line":246,"column":8},"end":{"line":246,"column":61}},"111":{"start":{"line":251,"column":4},"end":{"line":261,"column":5}},"112":{"start":{"line":252,"column":8},"end":{"line":260,"column":11}},"113":{"start":{"line":253,"column":12},"end":{"line":253,"column":46}},"114":{"start":{"line":254,"column":12},"end":{"line":254,"column":45}},"115":{"start":{"line":255,"column":12},"end":{"line":255,"column":32}},"116":{"start":{"line":256,"column":12},"end":{"line":256,"column":54}},"117":{"start":{"line":257,"column":12},"end":{"line":257,"column":40}},"118":{"start":{"line":258,"column":12},"end":{"line":258,"column":43}},"119":{"start":{"line":259,"column":12},"end":{"line":259,"column":69}},"120":{"start":{"line":264,"column":4},"end":{"line":280,"column":11}},"121":{"start":{"line":265,"column":8},"end":{"line":279,"column":9}},"122":{"start":{"line":268,"column":24},"end":{"line":268,"column":32}},"123":{"start":{"line":269,"column":26},"end":{"line":269,"column":36}},"124":{"start":{"line":270,"column":32},"end":{"line":270,"column":48}},"125":{"start":{"line":272,"column":12},"end":{"line":272,"column":43}},"126":{"start":{"line":273,"column":12},"end":{"line":273,"column":48}},"127":{"start":{"line":274,"column":12},"end":{"line":274,"column":61}}},"fnMap":{"0":{"name":"(anonymous_0)","decl":{"start":{"line":17,"column":46},"end":{"line":17,"column":47}},"loc":{"start":{"line":17,"column":52},"end":{"line":282,"column":1}},"line":17},"1":{"name":"(anonymous_1)","decl":{"start":{"line":72,"column":24},"end":{"line":72,"column":25}},"loc":{"start":{"line":72,"column":34},"end":{"line":103,"column":5}},"line":72},"2":{"name":"(anonymous_2)","decl":{"start":{"line":73,"column":41},"end":{"line":73,"column":42}},"loc":{"start":{"line":73,"column":47},"end":{"line":102,"column":9}},"line":73},"3":{"name":"generateTimeSlots","decl":{"start":{"line":106,"column":13},"end":{"line":106,"column":30}},"loc":{"start":{"line":106,"column":67},"end":{"line":123,"column":5}},"line":106},"4":{"name":"populateTimeSlots","decl":{"start":{"line":126,"column":13},"end":{"line":126,"column":30}},"loc":{"start":{"line":126,"column":43},"end":{"line":134,"column":5}},"line":126},"5":{"name":"(anonymous_5)","decl":{"start":{"line":128,"column":46},"end":{"line":128,"column":47}},"loc":{"start":{"line":128,"column":54},"end":{"line":133,"column":9}},"line":128},"6":{"name":"formatTimeSlotForDisplay","decl":{"start":{"line":137,"column":13},"end":{"line":137,"column":37}},"loc":{"start":{"line":137,"column":44},"end":{"line":140,"column":5}},"line":137},"7":{"name":"formatTimeForDisplay","decl":{"start":{"line":143,"column":13},"end":{"line":143,"column":33}},"loc":{"start":{"line":143,"column":40},"end":{"line":148,"column":5}},"line":143},"8":{"name":"formatDateForDisplay","decl":{"start":{"line":151,"column":13},"end":{"line":151,"column":33}},"loc":{"start":{"line":151,"column":46},"end":{"line":154,"column":5}},"line":151},"9":{"name":"generateBookingId","decl":{"start":{"line":157,"column":13},"end":{"line":157,"column":30}},"loc":{"start":{"line":157,"column":33},"end":{"line":159,"column":5}},"line":157},"10":{"name":"(anonymous_10)","decl":{"start":{"line":163,"column":39},"end":{"line":163,"column":40}},"loc":{"start":{"line":163,"column":52},"end":{"line":248,"column":1}},"line":163},"11":{"name":"(anonymous_11)","decl":{"start":{"line":252,"column":51},"end":{"line":252,"column":52}},"loc":{"start":{"line":252,"column":62},"end":{"line":260,"column":9}},"line":252},"12":{"name":"(anonymous_12)","decl":{"start":{"line":264,"column":29},"end":{"line":264,"column":30}},"loc":{"start":{"line":264,"column":39},"end":{"line":280,"column":9}},"line":264}},"branchMap":{"0":{"loc":{"start":{"line":39,"column":23},"end":{"line":39,"column":69}},"type":"cond-expr","locations":[{"start":{"line":39,"column":42},"end":{"line":39,"column":62}},{"start":{"line":39,"column":65},"end":{"line":39,"column":69}}],"line":39},"1":{"loc":{"start":{"line":86,"column":12},"end":{"line":90,"column":13}},"type":"if","locations":[{"start":{"line":86,"column":12},"end":{"line":90,"column":13}},{"start":{},"end":{}}],"line":86},"2":{"loc":{"start":{"line":114,"column":15},"end":{"line":115,"column":89}},"type":"binary-expr","locations":[{"start":{"line":114,"column":15},"end":{"line":114,"column":55}},{"start":{"line":115,"column":15},"end":{"line":115,"column":56}},{"start":{"line":115,"column":60},"end":{"line":115,"column":88}}],"line":114},"3":{"loc":{"start":{"line":145,"column":23},"end":{"line":145,"column":48}},"type":"cond-expr","locations":[{"start":{"line":145,"column":37},"end":{"line":145,"column":41}},{"start":{"line":145,"column":44},"end":{"line":145,"column":48}}],"line":145},"4":{"loc":{"start":{"line":146,"column":29},"end":{"line":146,"column":45}},"type":"binary-expr","locations":[{"start":{"line":146,"column":29},"end":{"line":146,"column":39}},{"start":{"line":146,"column":43},"end":{"line":146,"column":45}}],"line":146},"5":{"loc":{"start":{"line":188,"column":8},"end":{"line":192,"column":9}},"type":"if","locations":[{"start":{"line":188,"column":8},"end":{"line":192,"column":9}},{"start":{},"end":{}}],"line":188},"6":{"loc":{"start":{"line":200,"column":21},"end":{"line":200,"column":75}},"type":"cond-expr","locations":[{"start":{"line":200,"column":40},"end":{"line":200,"column":60}},{"start":{"line":200,"column":63},"end":{"line":200,"column":75}}],"line":200},"7":{"loc":{"start":{"line":217,"column":8},"end":{"line":243,"column":9}},"type":"if","locations":[{"start":{"line":217,"column":8},"end":{"line":243,"column":9}},{"start":{"line":240,"column":15},"end":{"line":243,"column":9}}],"line":217},"8":{"loc":{"start":{"line":225,"column":12},"end":{"line":230,"column":13}},"type":"if","locations":[{"start":{"line":225,"column":12},"end":{"line":230,"column":13}},{"start":{"line":228,"column":19},"end":{"line":230,"column":13}}],"line":225},"9":{"loc":{"start":{"line":251,"column":4},"end":{"line":261,"column":5}},"type":"if","locations":[{"start":{"line":251,"column":4},"end":{"line":261,"column":5}},{"start":{},"end":{}}],"line":251},"10":{"loc":{"start":{"line":265,"column":8},"end":{"line":279,"column":9}},"type":"if","locations":[{"start":{"line":265,"column":8},"end":{"line":279,"column":9}},{"start":{"line":276,"column":15},"end":{"line":279,"column":9}}],"line":265}},"s":{"0":0,"1":0,"2":0,"3":0,"4":0,"5":0,"6":0,"7":0,"8":0,"9":0,"10":0,"11":0,"12":0,"13":0,"14":0,"15":0,"16":0,"17":0,"18":0,"19":0,"20":0,"21":0,"22":0,"23":0,"24":0,"25":0,"26":0,"27":0,"28":0,"29":0,"30":0,"31":0,"32":0,"33":0,"34":0,"35":0,"36":0,"37":0,"38":0,"39":0,"40":0,"41":0,"42":0,"43":0,"44":0,"45":0,"46":0,"47":0,"48":0,"49":0,"50":0,"51":0,"52":0,"53":0,"54":0,"55":0,"56":0,"57":0,"58":0,"59":0,"60":0,"61":0,"62":0,"63":0,"64":0,"65":0,"66":0,"67":0,"68":0,"69":0,"70":0,"71":0,"72":0,"73":0,"74":0,"75":0,"76":0,"77":0,"78":0,"79":0,"80":0,"81":0,"82":0,"83":0,"84":0,"85":0,"86":0,"87":0,"88":0,"89":0,"90":0,"91":0,"92":0,"93":0,"94":0,"95":0,"96":0,"97":0,"98":0,"99":0,"100":0,"101":0,"102":0,"103":0,"104":0,"105":0,"106":0,"107":0,"108":0,"109":0,"110":0,"111":0,"112":0,"113":0,"114":0,"115":0,"116":0,"117":0,"118":0,"119":0,"120":0,"121":0,"122":0,"123":0,"124":0,"125":0,"126":0,"127":0},"f":{"0":0,"1":0,"2":0,"3":0,"4":0,"5":0,"6":0,"7":0,"8":0,"9":0,"10":0,"11":0,"12":0},"b":{"0":[0,0],"1":[0,0],"2":[0,0,0],"3":[0,0],"4":[0,0],"5":[0,0],"6":[0,0],"7":[0,0],"8":[0,0],"9":[0,0],"10":[0,0]}}
,"C:\\Users\\pc\\Desktop\\SD Project\\deployment\\ProjectX_Dev_Hub\\public\\js\\facilityStaffPage.js": {"path":"C:\\Users\\pc\\Desktop\\SD Project\\deployment\\ProjectX_Dev_Hub\\public\\js\\facilityStaffPage.js","statementMap":{"0":{"start":{"line":2,"column":22},"end":{"line":2,"column":50}},"1":{"start":{"line":3,"column":22},"end":{"line":3,"column":50}},"2":{"start":{"line":4,"column":4},"end":{"line":4,"column":29}},"3":{"start":{"line":5,"column":4},"end":{"line":5,"column":29}},"4":{"start":{"line":7,"column":4},"end":{"line":154,"column":5}},"5":{"start":{"line":8,"column":25},"end":{"line":14,"column":10}},"6":{"start":{"line":16,"column":8},"end":{"line":18,"column":9}},"7":{"start":{"line":17,"column":12},"end":{"line":17,"column":70}},"8":{"start":{"line":20,"column":21},"end":{"line":20,"column":42}},"9":{"start":{"line":21,"column":35},"end":{"line":21,"column":52}},"10":{"start":{"line":24,"column":26},"end":{"line":24,"column":54}},"11":{"start":{"line":25,"column":24},"end":{"line":25,"column":97}},"12":{"start":{"line":26,"column":8},"end":{"line":30,"column":11}},"13":{"start":{"line":27,"column":27},"end":{"line":27,"column":55}},"14":{"start":{"line":28,"column":12},"end":{"line":28,"column":44}},"15":{"start":{"line":29,"column":12},"end":{"line":29,"column":42}},"16":{"start":{"line":31,"column":8},"end":{"line":31,"column":41}},"17":{"start":{"line":34,"column":8},"end":{"line":140,"column":11}},"18":{"start":{"line":35,"column":31},"end":{"line":35,"column":59}},"19":{"start":{"line":38,"column":27},"end":{"line":38,"column":55}},"20":{"start":{"line":39,"column":12},"end":{"line":39,"column":54}},"21":{"start":{"line":40,"column":12},"end":{"line":40,"column":43}},"22":{"start":{"line":43,"column":29},"end":{"line":43,"column":57}},"23":{"start":{"line":44,"column":12},"end":{"line":44,"column":65}},"24":{"start":{"line":45,"column":12},"end":{"line":45,"column":45}},"25":{"start":{"line":48,"column":33},"end":{"line":48,"column":61}},"26":{"start":{"line":49,"column":12},"end":{"line":49,"column":69}},"27":{"start":{"line":50,"column":12},"end":{"line":50,"column":49}},"28":{"start":{"line":53,"column":33},"end":{"line":53,"column":61}},"29":{"start":{"line":54,"column":12},"end":{"line":54,"column":69}},"30":{"start":{"line":55,"column":12},"end":{"line":55,"column":49}},"31":{"start":{"line":58,"column":38},"end":{"line":58,"column":66}},"32":{"start":{"line":59,"column":34},"end":{"line":59,"column":90}},"33":{"start":{"line":60,"column":32},"end":{"line":60,"column":62}},"34":{"start":{"line":61,"column":12},"end":{"line":61,"column":68}},"35":{"start":{"line":62,"column":12},"end":{"line":62,"column":63}},"36":{"start":{"line":63,"column":12},"end":{"line":63,"column":55}},"37":{"start":{"line":64,"column":12},"end":{"line":64,"column":54}},"38":{"start":{"line":67,"column":32},"end":{"line":67,"column":60}},"39":{"start":{"line":70,"column":33},"end":{"line":70,"column":65}},"40":{"start":{"line":71,"column":12},"end":{"line":71,"column":53}},"41":{"start":{"line":73,"column":34},"end":{"line":77,"column":13}},"42":{"start":{"line":79,"column":12},"end":{"line":87,"column":15}},"43":{"start":{"line":80,"column":35},"end":{"line":80,"column":67}},"44":{"start":{"line":81,"column":16},"end":{"line":81,"column":48}},"45":{"start":{"line":82,"column":16},"end":{"line":82,"column":54}},"46":{"start":{"line":83,"column":16},"end":{"line":85,"column":17}},"47":{"start":{"line":84,"column":20},"end":{"line":84,"column":47}},"48":{"start":{"line":86,"column":16},"end":{"line":86,"column":53}},"49":{"start":{"line":90,"column":33},"end":{"line":90,"column":65}},"50":{"start":{"line":91,"column":12},"end":{"line":91,"column":50}},"51":{"start":{"line":92,"column":12},"end":{"line":92,"column":48}},"52":{"start":{"line":93,"column":12},"end":{"line":93,"column":41}},"53":{"start":{"line":96,"column":12},"end":{"line":98,"column":15}},"54":{"start":{"line":97,"column":16},"end":{"line":97,"column":77}},"55":{"start":{"line":101,"column":12},"end":{"line":133,"column":15}},"56":{"start":{"line":102,"column":34},"end":{"line":102,"column":52}},"57":{"start":{"line":103,"column":44},"end":{"line":103,"column":64}},"58":{"start":{"line":105,"column":16},"end":{"line":132,"column":17}},"59":{"start":{"line":106,"column":43},"end":{"line":113,"column":22}},"60":{"start":{"line":115,"column":20},"end":{"line":117,"column":21}},"61":{"start":{"line":116,"column":24},"end":{"line":116,"column":67}},"62":{"start":{"line":120,"column":20},"end":{"line":120,"column":74}},"63":{"start":{"line":121,"column":20},"end":{"line":121,"column":72}},"64":{"start":{"line":122,"column":20},"end":{"line":122,"column":49}},"65":{"start":{"line":125,"column":20},"end":{"line":125,"column":80}},"66":{"start":{"line":128,"column":20},"end":{"line":128,"column":67}},"67":{"start":{"line":129,"column":20},"end":{"line":129,"column":73}},"68":{"start":{"line":130,"column":20},"end":{"line":130,"column":55}},"69":{"start":{"line":131,"column":20},"end":{"line":131,"column":49}},"70":{"start":{"line":135,"column":12},"end":{"line":135,"column":50}},"71":{"start":{"line":136,"column":12},"end":{"line":136,"column":50}},"72":{"start":{"line":137,"column":12},"end":{"line":137,"column":48}},"73":{"start":{"line":139,"column":12},"end":{"line":139,"column":46}},"74":{"start":{"line":143,"column":8},"end":{"line":143,"column":53}},"75":{"start":{"line":144,"column":8},"end":{"line":144,"column":57}},"76":{"start":{"line":146,"column":25},"end":{"line":146,"column":53}},"77":{"start":{"line":147,"column":26},"end":{"line":147,"column":54}},"78":{"start":{"line":148,"column":8},"end":{"line":148,"column":30}},"79":{"start":{"line":149,"column":8},"end":{"line":149,"column":79}},"80":{"start":{"line":150,"column":8},"end":{"line":150,"column":38}},"81":{"start":{"line":151,"column":8},"end":{"line":151,"column":45}},"82":{"start":{"line":152,"column":8},"end":{"line":152,"column":40}},"83":{"start":{"line":153,"column":8},"end":{"line":153,"column":40}},"84":{"start":{"line":158,"column":25},"end":{"line":158,"column":64}},"85":{"start":{"line":159,"column":4},"end":{"line":159,"column":39}},"86":{"start":{"line":160,"column":4},"end":{"line":160,"column":41}},"87":{"start":{"line":161,"column":4},"end":{"line":161,"column":84}},"88":{"start":{"line":163,"column":4},"end":{"line":165,"column":13}},"89":{"start":{"line":164,"column":8},"end":{"line":164,"column":44}},"90":{"start":{"line":168,"column":0},"end":{"line":190,"column":3}},"91":{"start":{"line":169,"column":4},"end":{"line":169,"column":82}},"92":{"start":{"line":172,"column":27},"end":{"line":172,"column":68}},"93":{"start":{"line":173,"column":22},"end":{"line":173,"column":58}},"94":{"start":{"line":174,"column":31},"end":{"line":174,"column":76}},"95":{"start":{"line":175,"column":26},"end":{"line":175,"column":66}},"96":{"start":{"line":177,"column":4},"end":{"line":182,"column":7}},"97":{"start":{"line":178,"column":8},"end":{"line":178,"column":47}},"98":{"start":{"line":179,"column":8},"end":{"line":179,"column":45}},"99":{"start":{"line":180,"column":8},"end":{"line":180,"column":51}},"100":{"start":{"line":181,"column":8},"end":{"line":181,"column":49}},"101":{"start":{"line":184,"column":4},"end":{"line":189,"column":7}},"102":{"start":{"line":185,"column":8},"end":{"line":185,"column":42}},"103":{"start":{"line":186,"column":8},"end":{"line":186,"column":50}},"104":{"start":{"line":187,"column":8},"end":{"line":187,"column":46}},"105":{"start":{"line":188,"column":8},"end":{"line":188,"column":54}}},"fnMap":{"0":{"name":"loadIntoTable","decl":{"start":{"line":1,"column":15},"end":{"line":1,"column":28}},"loc":{"start":{"line":1,"column":41},"end":{"line":155,"column":1}},"line":1},"1":{"name":"(anonymous_1)","decl":{"start":{"line":26,"column":24},"end":{"line":26,"column":25}},"loc":{"start":{"line":26,"column":38},"end":{"line":30,"column":9}},"line":26},"2":{"name":"(anonymous_2)","decl":{"start":{"line":34,"column":35},"end":{"line":34,"column":36}},"loc":{"start":{"line":34,"column":56},"end":{"line":140,"column":9}},"line":34},"3":{"name":"(anonymous_3)","decl":{"start":{"line":79,"column":34},"end":{"line":79,"column":35}},"loc":{"start":{"line":79,"column":44},"end":{"line":87,"column":13}},"line":79},"4":{"name":"(anonymous_4)","decl":{"start":{"line":96,"column":52},"end":{"line":96,"column":53}},"loc":{"start":{"line":96,"column":58},"end":{"line":98,"column":13}},"line":96},"5":{"name":"(anonymous_5)","decl":{"start":{"line":101,"column":51},"end":{"line":101,"column":52}},"loc":{"start":{"line":101,"column":63},"end":{"line":133,"column":13}},"line":101},"6":{"name":"showNotification","decl":{"start":{"line":157,"column":9},"end":{"line":157,"column":25}},"loc":{"start":{"line":157,"column":53},"end":{"line":166,"column":1}},"line":157},"7":{"name":"(anonymous_7)","decl":{"start":{"line":163,"column":15},"end":{"line":163,"column":16}},"loc":{"start":{"line":163,"column":21},"end":{"line":165,"column":5}},"line":163},"8":{"name":"(anonymous_8)","decl":{"start":{"line":168,"column":46},"end":{"line":168,"column":47}},"loc":{"start":{"line":168,"column":52},"end":{"line":190,"column":1}},"line":168},"9":{"name":"(anonymous_9)","decl":{"start":{"line":177,"column":45},"end":{"line":177,"column":46}},"loc":{"start":{"line":177,"column":51},"end":{"line":182,"column":5}},"line":177},"10":{"name":"(anonymous_10)","decl":{"start":{"line":184,"column":40},"end":{"line":184,"column":41}},"loc":{"start":{"line":184,"column":46},"end":{"line":189,"column":5}},"line":184}},"branchMap":{"0":{"loc":{"start":{"line":16,"column":8},"end":{"line":18,"column":9}},"type":"if","locations":[{"start":{"line":16,"column":8},"end":{"line":18,"column":9}},{"start":{},"end":{}}],"line":16},"1":{"loc":{"start":{"line":21,"column":35},"end":{"line":21,"column":52}},"type":"binary-expr","locations":[{"start":{"line":21,"column":35},"end":{"line":21,"column":44}},{"start":{"line":21,"column":48},"end":{"line":21,"column":52}}],"line":21},"2":{"loc":{"start":{"line":83,"column":16},"end":{"line":85,"column":17}},"type":"if","locations":[{"start":{"line":83,"column":16},"end":{"line":85,"column":17}},{"start":{},"end":{}}],"line":83},"3":{"loc":{"start":{"line":115,"column":20},"end":{"line":117,"column":21}},"type":"if","locations":[{"start":{"line":115,"column":20},"end":{"line":117,"column":21}},{"start":{},"end":{}}],"line":115},"4":{"loc":{"start":{"line":157,"column":35},"end":{"line":157,"column":51}},"type":"default-arg","locations":[{"start":{"line":157,"column":42},"end":{"line":157,"column":51}}],"line":157},"5":{"loc":{"start":{"line":161,"column":41},"end":{"line":161,"column":83}},"type":"cond-expr","locations":[{"start":{"line":161,"column":62},"end":{"line":161,"column":71}},{"start":{"line":161,"column":74},"end":{"line":161,"column":83}}],"line":161}},"s":{"0":0,"1":0,"2":0,"3":0,"4":0,"5":0,"6":0,"7":0,"8":0,"9":0,"10":0,"11":0,"12":0,"13":0,"14":0,"15":0,"16":0,"17":0,"18":0,"19":0,"20":0,"21":0,"22":0,"23":0,"24":0,"25":0,"26":0,"27":0,"28":0,"29":0,"30":0,"31":0,"32":0,"33":0,"34":0,"35":0,"36":0,"37":0,"38":0,"39":0,"40":0,"41":0,"42":0,"43":0,"44":0,"45":0,"46":0,"47":0,"48":0,"49":0,"50":0,"51":0,"52":0,"53":0,"54":0,"55":0,"56":0,"57":0,"58":0,"59":0,"60":0,"61":0,"62":0,"63":0,"64":0,"65":0,"66":0,"67":0,"68":0,"69":0,"70":0,"71":0,"72":0,"73":0,"74":0,"75":0,"76":0,"77":0,"78":0,"79":0,"80":0,"81":0,"82":0,"83":0,"84":0,"85":0,"86":0,"87":0,"88":0,"89":0,"90":0,"91":0,"92":0,"93":0,"94":0,"95":0,"96":0,"97":0,"98":0,"99":0,"100":0,"101":0,"102":0,"103":0,"104":0,"105":0},"f":{"0":0,"1":0,"2":0,"3":0,"4":0,"5":0,"6":0,"7":0,"8":0,"9":0,"10":0},"b":{"0":[0,0],"1":[0,0],"2":[0,0],"3":[0,0],"4":[0],"5":[0,0]}}
,"C:\\Users\\pc\\Desktop\\SD Project\\deployment\\ProjectX_Dev_Hub\\public\\js\\loginPage.js": {"path":"C:\\Users\\pc\\Desktop\\SD Project\\deployment\\ProjectX_Dev_Hub\\public\\js\\loginPage.js","statementMap":{"0":{"start":{"line":10,"column":23},"end":{"line":17,"column":1}},"1":{"start":{"line":20,"column":0},"end":{"line":120,"column":3}},"2":{"start":{"line":22,"column":14},"end":{"line":22,"column":43}},"3":{"start":{"line":23,"column":15},"end":{"line":23,"column":27}},"4":{"start":{"line":24,"column":19},"end":{"line":24,"column":43}},"5":{"start":{"line":28,"column":14},"end":{"line":28,"column":53}},"6":{"start":{"line":29,"column":19},"end":{"line":29,"column":60}},"7":{"start":{"line":31,"column":4},"end":{"line":45,"column":7}},"8":{"start":{"line":34,"column":19},"end":{"line":34,"column":38}},"9":{"start":{"line":35,"column":6},"end":{"line":35,"column":47}},"10":{"start":{"line":36,"column":6},"end":{"line":36,"column":47}},"11":{"start":{"line":42,"column":24},"end":{"line":42,"column":34}},"12":{"start":{"line":43,"column":27},"end":{"line":43,"column":40}},"13":{"start":{"line":44,"column":6},"end":{"line":44,"column":32}},"14":{"start":{"line":48,"column":4},"end":{"line":48,"column":26}},"15":{"start":{"line":49,"column":4},"end":{"line":49,"column":21}},"16":{"start":{"line":53,"column":4},"end":{"line":108,"column":7}},"17":{"start":{"line":56,"column":25},"end":{"line":56,"column":72}},"18":{"start":{"line":57,"column":20},"end":{"line":57,"column":42}},"19":{"start":{"line":59,"column":19},"end":{"line":59,"column":30}},"20":{"start":{"line":62,"column":24},"end":{"line":62,"column":34}},"21":{"start":{"line":63,"column":21},"end":{"line":63,"column":29}},"22":{"start":{"line":65,"column":6},"end":{"line":65,"column":40}},"23":{"start":{"line":68,"column":6},"end":{"line":98,"column":9}},"24":{"start":{"line":74,"column":24},"end":{"line":74,"column":39}},"25":{"start":{"line":76,"column":8},"end":{"line":93,"column":9}},"26":{"start":{"line":77,"column":31},"end":{"line":77,"column":45}},"27":{"start":{"line":78,"column":32},"end":{"line":78,"column":47}},"28":{"start":{"line":80,"column":14},"end":{"line":92,"column":15}},"29":{"start":{"line":81,"column":16},"end":{"line":81,"column":58}},"30":{"start":{"line":83,"column":19},"end":{"line":92,"column":15}},"31":{"start":{"line":84,"column":16},"end":{"line":84,"column":64}},"32":{"start":{"line":86,"column":19},"end":{"line":92,"column":15}},"33":{"start":{"line":87,"column":16},"end":{"line":87,"column":70}},"34":{"start":{"line":90,"column":16},"end":{"line":90,"column":92}},"35":{"start":{"line":91,"column":16},"end":{"line":91,"column":41}},"36":{"start":{"line":96,"column":10},"end":{"line":96,"column":60}},"37":{"start":{"line":97,"column":10},"end":{"line":97,"column":65}},"38":{"start":{"line":101,"column":24},"end":{"line":101,"column":34}},"39":{"start":{"line":102,"column":27},"end":{"line":102,"column":40}},"40":{"start":{"line":104,"column":20},"end":{"line":104,"column":42}},"41":{"start":{"line":106,"column":25},"end":{"line":106,"column":70}},"42":{"start":{"line":112,"column":4},"end":{"line":115,"column":7}},"43":{"start":{"line":113,"column":6},"end":{"line":113,"column":29}},"44":{"start":{"line":114,"column":6},"end":{"line":114,"column":19}},"45":{"start":{"line":116,"column":4},"end":{"line":119,"column":7}},"46":{"start":{"line":117,"column":6},"end":{"line":117,"column":29}},"47":{"start":{"line":118,"column":6},"end":{"line":118,"column":23}}},"fnMap":{"0":{"name":"(anonymous_0)","decl":{"start":{"line":20,"column":44},"end":{"line":20,"column":45}},"loc":{"start":{"line":20,"column":50},"end":{"line":120,"column":1}},"line":20},"1":{"name":"getLoginDetails","decl":{"start":{"line":26,"column":11},"end":{"line":26,"column":26}},"loc":{"start":{"line":26,"column":28},"end":{"line":50,"column":3}},"line":26},"2":{"name":"(anonymous_2)","decl":{"start":{"line":32,"column":10},"end":{"line":32,"column":11}},"loc":{"start":{"line":32,"column":30},"end":{"line":40,"column":5}},"
[...]
tart":{"line":8,"column":8},"end":{"line":8,"column":27}},"4":{"start":{"line":12,"column":22},"end":{"line":15,"column":9}},"5":{"start":{"line":17,"column":23},"end":{"line":17,"column":46}},"6":{"start":{"line":19,"column":8},"end":{"line":21,"column":9}},"7":{"start":{"line":20,"column":12},"end":{"line":20,"column":60}},"8":{"start":{"line":23,"column":8},"end":{"line":23,"column":30}},"9":{"start":{"line":27,"column":22},"end":{"line":32,"column":9}},"10":{"start":{"line":34,"column":23},"end":{"line":34,"column":46}},"11":{"start":{"line":36,"column":8},"end":{"line":38,"column":9}},"12":{"start":{"line":37,"column":12},"end":{"line":37,"column":78}},"13":{"start":{"line":40,"column":8},"end":{"line":40,"column":27}},"14":{"start":{"line":44,"column":29},"end":{"line":44,"column":39}},"15":{"start":{"line":45,"column":31},"end":{"line":45,"column":35}},"16":{"start":{"line":47,"column":22},"end":{"line":52,"column":9}},"17":{"start":{"line":54,"column":8},"end":{"line":60,"column":9}},"18":{"start":{"line":55,"column":27},"end":{"line":55,"column":50}},"19":{"start":{"line":56,"column":12},"end":{"line":56,"column":34}},"20":{"start":{"line":58,"column":12},"end":{"line":58,"column":60}},"21":{"start":{"line":59,"column":12},"end":{"line":59,"column":72}},"22":{"start":{"line":64,"column":18},"end":{"line":70,"column":5}},"23":{"start":{"line":72,"column":4},"end":{"line":83,"column":5}},"24":{"start":{"line":73,"column":23},"end":{"line":73,"column":46}},"25":{"start":{"line":75,"column":8},"end":{"line":77,"column":9}},"26":{"start":{"line":76,"column":12},"end":{"line":76,"column":60}},"27":{"start":{"line":79,"column":8},"end":{"line":79,"column":30}},"28":{"start":{"line":81,"column":8},"end":{"line":81,"column":62}},"29":{"start":{"line":82,"column":8},"end":{"line":82,"column":60}},"30":{"start":{"line":88,"column":0},"end":{"line":88,"column":37}}},"fnMap":{"0":{"name":"(anonymous_0)","decl":{"start":{"line":5,"column":4},"end":{"line":5,"column":5}},"loc":{"start":{"line":5,"column":26},"end":{"line":9,"column":5}},"line":5},"1":{"name":"(anonymous_1)","decl":{"start":{"line":11,"column":4},"end":{"line":11,"column":5}},"loc":{"start":{"line":11,"column":28},"end":{"line":24,"column":5}},"line":11},"2":{"name":"(anonymous_2)","decl":{"start":{"line":26,"column":4},"end":{"line":26,"column":5}},"loc":{"start":{"line":26,"column":37},"end":{"line":41,"column":5}},"line":26},"3":{"name":"(anonymous_3)","decl":{"start":{"line":43,"column":4},"end":{"line":43,"column":5}},"loc":{"start":{"line":43,"column":69},"end":{"line":61,"column":5}},"line":43},"4":{"name":"(anonymous_4)","decl":{"start":{"line":63,"column":4},"end":{"line":63,"column":5}},"loc":{"start":{"line":63,"column":40},"end":{"line":84,"column":1}},"line":63}},"branchMap":{"0":{"loc":{"start":{"line":19,"column":8},"end":{"line":21,"column":9}},"type":"if","locations":[{"start":{"line":19,"column":8},"end":{"line":21,"column":9}},{"start":{},"end":{}}],"line":19},"1":{"loc":{"start":{"line":36,"column":8},"end":{"line":38,"column":9}},"type":"if","locations":[{"start":{"line":36,"column":8},"end":{"line":38,"column":9}},{"start":{},"end":{}}],"line":36},"2":{"loc":{"start":{"line":75,"column":8},"end":{"line":77,"column":9}},"type":"if","locations":[{"start":{"line":75,"column":8},"end":{"line":77,"column":9}},{"start":{},"end":{}}],"line":75}},"s":{"0":1,"1":0,"2":0,"3":0,"4":0,"5":0,"6":0,"7":0,"8":0,"9":0,"10":0,"11":0,"12":0,"13":0,"14":1,"15":1,"16":1,"17":1,"18":1,"19":0,"20":1,"21":1,"22":1,"23":1,"24":1,"25":0,"26":0,"27":0,"28":1,"29":1,"30":1},"f":{"0":0,"1":0,"2":0,"3":1,"4":1},"b":{"0":[0,0],"1":[0,0],"2":[0,0]},"_coverageSchema":"1a1c01bbd47fc00a2c39e90264f33305004495a9","hash":"cc5ed5dedf8d27b106b9c9966162ebaf70c91348"}
,"C:\\Users\\pc\\Desktop\\SD Project\\deployment\\ProjectX_Dev_Hub\\src\\api\\services\\reportingService.js": {"path":"C:\\Users\\pc\\Desktop\\SD Project\\deployment\\ProjectX_Dev_Hub\\src\\api\\services\\reportingService.js","statementMap":{"0":{"start":{"line":1,"column":13},"end":{"line":1,"column":45}},"1":{"start":{"line":7,"column":23},"end":{"line":10,"column":9}},"2":{"start":{"line":12,"column":23},"end":{"line":12,"column":46}},"3":{"start":{"line":16,"column":8},"end":{"line":18,"column":9}},"4":{"start":{"line":17,"column":12},"end":{"line":17,"column":45}},"5":{"start":{"line":20,"column":8},"end":{"line":20,"column":30}},"6":{"start":{"line":25,"column":20},"end":{"line":28,"column":9}},"7":{"start":{"line":30,"column":23},"end":{"line":30,"column":46}},"8":{"start":{"line":32,"column":8},"end":{"line":34,"column":9}},"9":{"start":{"line":33,"column":12},"end":{"line":33,"column":22}},"10":{"start":{"line":36,"column":8},"end":{"line":36,"column":27}},"11":{"start":{"line":41,"column":23},"end":{"line":44,"column":9}},"12":{"start":{"line":46,"column":23},"end":{"line":46,"column":46}},"13":{"start":{"line":48,"column":8},"end":{"line":50,"column":9}},"14":{"start":{"line":49,"column":12},"end":{"line":49,"column":22}},"15":{"start":{"line":52,"column":8},"end":{"line":52,"column":27}},"16":{"start":{"line":58,"column":23},"end":{"line":61,"column":9}},"17":{"start":{"line":63,"column":23},"end":{"line":63,"column":46}},"18":{"start":{"line":65,"column":8},"end":{"line":67,"column":9}},"19":{"start":{"line":66,"column":12},"end":{"line":66,"column":22}},"20":{"start":{"line":69,"column":8},"end":{"line":69,"column":27}},"21":{"start":{"line":75,"column":23},"end":{"line":78,"column":9}},"22":{"start":{"line":80,"column":23},"end":{"line":80,"column":46}},"23":{"start":{"line":82,"column":8},"end":{"line":84,"column":9}},"24":{"start":{"line":83,"column":12},"end":{"line":83,"column":22}},"25":{"start":{"line":86,"column":8},"end":{"line":86,"column":27}},"26":{"start":{"line":92,"column":23},"end":{"line":95,"column":9}},"27":{"start":{"line":97,"column":23},"end":{"line":97,"column":46}},"28":{"start":{"line":99,"column":8},"end":{"line":101,"column":9}},"29":{"start":{"line":100,"column":12},"end":{"line":100,"column":22}},"30":{"start":{"line":103,"column":8},"end":{"line":103,"column":27}},"31":{"start":{"line":109,"column":0},"end":{"line":109,"column":40}}},"fnMap":{"0":{"name":"(anonymous_0)","decl":{"start":{"line":5,"column":3},"end":{"line":5,"column":4}},"loc":{"start":{"line":5,"column":51},"end":{"line":21,"column":4}},"line":5},"1":{"name":"(anonymous_1)","decl":{"start":{"line":23,"column":3},"end":{"line":23,"column":4}},"loc":{"start":{"line":23,"column":48},"end":{"line":37,"column":4}},"line":23},"2":{"name":"(anonymous_2)","decl":{"start":{"line":39,"column":8},"end":{"line":39,"column":9}},"loc":{"start":{"line":39,"column":69},"end":{"line":53,"column":4}},"line":39},"3":{"name":"(anonymous_3)","decl":{"start":{"line":56,"column":7},"end":{"line":56,"column":8}},"loc":{"start":{"line":56,"column":46},"end":{"line":70,"column":4}},"line":56},"4":{"name":"(anonymous_4)","decl":{"start":{"line":73,"column":3},"end":{"line":73,"column":4}},"loc":{"start":{"line":73,"column":56},"end":{"line":87,"column":4}},"line":73},"5":{"name":"(anonymous_5)","decl":{"start":{"line":90,"column":3},"end":{"line":90,"column":4}},"loc":{"start":{"line":90,"column":81},"end":{"line":104,"column":4}},"line":90}},"branchMap":{"0":{"loc":{"start":{"line":16,"column":8},"end":{"line":18,"column":9}},"type":"if","locations":[{"start":{"line":16,"column":8},"end":{"line":18,"column":9}},{"start":{},"end":{}}],"line":16},"1":{"loc":{"start":{"line":32,"column":8},"end":{"line":34,"column":9}},"type":"if","locations":[{"start":{"line":32,"column":8},"end":{"line":34,"column":9}},{"start":{},"end":{}}],"line":32},"2":{"loc":{"start":{"line":48,"column":8},"end":{"line":50,"column":9}},"type":"if","locations":[{"start":{"line":48,"column":8},"end":{"line":50,"column":9}},{"start":{},"end":{}}],"line":48},"3":{"loc":{"start":{"line":65,"column":8},"end":{"line":67,"column":9}},"type":"if","locations":[{"start":{"line":65,"column":8},"end":{"line":67,"column":9}},{"start":{},"end":{}}],"line":65},"4":{"loc":{"start":{"line":82,"column":8},"end":{"line":84,"column":9}},"type":"if","locations":[{"start":{"line":82,"column":8},"end":{"line":84,"column":9}},{"start":{},"end":{}}],"line":82},"5":{"loc":{"start":{"line":99,"column":8},"end":{"line":101,"column":9}},"type":"if","locations":[{"start":{"line":99,"column":8},"end":{"line":101,"column":9}},{"start":{},"end":{}}],"line":99}},"s":{"0":1,"1":2,"2":2,"3":2,"4":1,"5":1,"6":2,"7":2,"8":2,"9":1,"10":1,"11":2,"12":2,"13":2,"14":1,"15":1,"16":2,"17":2,"18":2,"19":1,"20":1,"21":2,"22":2,"23":2,"24":1,"25":1,"26":2,"27":2,"28":2,"29":1,"30":1,"31":1},"f":{"0":2,"1":2,"2":2,"3":2,"4":2,"5":2},"b":{"0":[1,1],"1":[1,1],"2":[1,1],"3":[1,1],"4":[1,1],"5":[1,1]},"_coverageSchema":"1a1c01bbd47fc00a2c39e90264f33305004495a9","hash":"10e341105f7150cf7995f0e2678f0a4f777857d7"}
,"C:\\Users\\pc\\Desktop\\SD Project\\deployment\\ProjectX_Dev_Hub\\src\\api\\services\\usagetrendsService.js": {"path":"C:\\Users\\pc\\Desktop\\SD Project\\deployment\\ProjectX_Dev_Hub\\src\\api\\services\\usagetrendsService.js","statementMap":{"0":{"start":{"line":1,"column":13},"end":{"line":1,"column":45}},"1":{"start":{"line":5,"column":22},"end":{"line":10,"column":9}},"2":{"start":{"line":12,"column":23},"end":{"line":12,"column":46}},"3":{"start":{"line":14,"column":8},"end":{"line":16,"column":9}},"4":{"start":{"line":15,"column":12},"end":{"line":15,"column":83}},"5":{"start":{"line":18,"column":8},"end":{"line":18,"column":27}},"6":{"start":{"line":21,"column":22},"end":{"line":26,"column":9}},"7":{"start":{"line":28,"column":23},"end":{"line":28,"column":46}},"8":{"start":{"line":30,"column":8},"end":{"line":32,"column":9}},"9":{"start":{"line":31,"column":12},"end":{"line":31,"column":98}},"10":{"start":{"line":34,"column":8},"end":{"line":34,"column":27}},"11":{"start":{"line":37,"column":22},"end":{"line":41,"column":9}},"12":{"start":{"line":42,"column":23},"end":{"line":42,"column":46}},"13":{"start":{"line":44,"column":8},"end":{"line":46,"column":9}},"14":{"start":{"line":45,"column":12},"end":{"line":45,"column":83}},"15":{"start":{"line":47,"column":8},"end":{"line":47,"column":27}},"16":{"start":{"line":50,"column":22},"end":{"line":54,"column":9}},"17":{"start":{"line":55,"column":23},"end":{"line":55,"column":46}},"18":{"start":{"line":57,"column":8},"end":{"line":59,"column":9}},"19":{"start":{"line":58,"column":12},"end":{"line":58,"column":83}},"20":{"start":{"line":60,"column":8},"end":{"line":60,"column":27}},"21":{"start":{"line":63,"column":22},"end":{"line":67,"column":9}},"22":{"start":{"line":68,"column":23},"end":{"line":68,"column":46}},"23":{"start":{"line":70,"column":8},"end":{"line":72,"column":9}},"24":{"start":{"line":71,"column":12},"end":{"line":71,"column":83}},"25":{"start":{"line":73,"column":8},"end":{"line":73,"column":27}},"26":{"start":{"line":77,"column":0},"end":{"line":77,"column":42}}},"fnMap":{"0":{"name":"(anonymous_0)","decl":{"start":{"line":4,"column":4},"end":{"line":4,"column":5}},"loc":{"start":{"line":4,"column":49},"end":{"line":19,"column":5}},"line":4},"1":{"name":"(anonymous_1)","decl":{"start":{"line":20,"column":4},"end":{"line":20,"column":5}},"loc":{"start":{"line":20,"column":61},"end":{"line":35,"column":5}},"line":20},"2":{"name":"(anonymous_2)","decl":{"start":{"line":36,"column":4},"end":{"line":36,"column":5}},"loc":{"start":{"line":36,"column":47},"end":{"line":48,"column":5}},"line":36},"3":{"name":"(anonymous_3)","decl":{"start":{"line":49,"column":4},"end":{"line":49,"column":5}},"loc":{"start":{"line":49,"column":44},"end":{"line":61,"column":5}},"line":49},"4":{"name":"(anonymous_4)","decl":{"start":{"line":62,"column":4},"end":{"line":62,"column":5}},"loc":{"start":{"line":62,"column":30},"end":{"line":74,"column":5}},"line":62}},"branchMap":{"0":{"loc":{"start":{"line":14,"column":8},"end":{"line":16,"column":9}},"type":"if","locations":[{"start":{"line":14,"column":8},"end":{"line":16,"column":9}},{"start":{},"end":{}}],"line":14},"1":{"loc":{"start":{"line":30,"column":8},"end":{"line":32,"column":9}},"type":"if","locations":[{"start":{"line":30,"column":8},"end":{"line":32,"column":9}},{"start":{},"end":{}}],"line":30},"2":{"loc":{"start":{"line":44,"column":8},"end":{"line":46,"column":9}},"type":"if","locations":[{"start":{"line":44,"column":8},"end":{"line":46,"column":9}},{"start":{},"end":{}}],"line":44},"3":{"loc":{"start":{"line":57,"column":8},"end":{"line":59,"column":9}},"type":"if","locations":[{"start":{"line":57,"column":8},"end":{"line":59,"column":9}},{"start":{},"end":{}}],"line":57},"4":{"loc":{"start":{"line":70,"column":8},"end":{"line":72,"column":9}},"type":"if","locations":[{"start":{"line":70,"column":8},"end":{"line":72,"column":9}},{"start":{},"end":{}}],"line":70}},"s":{"0":1,"1":2,"2":2,"3":2,"4":1,"5":1,"6":2,"7":2,"8":2,"9":1,"10":1,"11":2,"12":2,"13":2,"14":1,"15":1,"16":2,"17":2,"18":2,"19":1,"20":1,"21":2,"22":2,"23":2,"24":1,"25":1,"26":1},"f":{"0":2,"1":2,"2":2,"3":2,"4":2},"b":{"0":[1,1],"1":[1,1],"2":[1,1],"3":[1,1],"4":[1,1]},"_coverageSchema":"1a1c01bbd47fc00a2c39e90264f33305004495a9","hash":"8635bb37672aecb0b62ee73b58dd057a7823965d"}
,"C:\\Users\\pc\\Desktop\\SD Project\\deployment\\ProjectX_Dev_Hub\\src\\api\\services\\userService.js": {"path":"C:\\Users\\pc\\Desktop\\SD Project\\deployment\\ProjectX_Dev_Hub\\src\\api\\services\\userService.js","statementMap":{"0":{"start":{"line":1,"column":13},"end":{"line":1,"column":45}},"1":{"start":{"line":5,"column":22},"end":{"line":5,"column":60}},"2":{"start":{"line":6,"column":23},"end":{"line":6,"column":46}},"3":{"start":{"line":7,"column":8},"end":{"line":7,"column":27}},"4":{"start":{"line":11,"column":22},"end":{"line":14,"column":9}},"5":{"start":{"line":16,"column":23},"end":{"line":16,"column":46}},"6":{"start":{"line":18,"column":8},"end":{"line":20,"column":9}},"7":{"start":{"line":19,"column":12},"end":{"line":19,"column":46}},"8":{"start":{"line":22,"column":8},"end":{"line":22,"column":30}},"9":{"start":{"line":26,"column":22},"end":{"line":29,"column":9}},"10":{"start":{"line":31,"column":23},"end":{"line":31,"column":46}},"11":{"start":{"line":33,"column":8},"end":{"line":35,"column":9}},"12":{"start":{"line":34,"column":12},"end":{"line":34,"column":46}},"13":{"start":{"line":37,"column":8},"end":{"line":37,"column":30}},"14":{"start":{"line":41,"column":22},"end":{"line":44,"column":9}},"15":{"start":{"line":46,"column":23},"end":{"line":46,"column":46}},"16":{"start":{"line":48,"column":8},"end":{"line":50,"column":9}},"17":{"start":{"line":49,"column":12},"end":{"line":49,"column":46}},"18":{"start":{"line":52,"column":8},"end":{"line":52,"column":30}},"19":{"start":{"line":58,"column":22},"end":{"line":61,"column":9}},"20":{"start":{"line":63,"column":8},"end":{"line":74,"column":5}},"21":{"start":{"line":64,"column":27},"end":{"line":64,"column":50}},"22":{"start":{"line":66,"column":12},"end":{"line":66,"column":31}},"23":{"start":{"line":68,"column":12},"end":{"line":70,"column":13}},"24":{"start":{"line":69,"column":16},"end":{"line":69,"column":61}},"25":{"start":{"line":73,"column":8},"end":{"line":73,"column":27}},"26":{"start":{"line":81,"column":0},"end":{"line":81,"column":35}}},"fnMap":{"0":{"name":"(anonymous_0)","decl":{"start":{"line":4,"column":4},"end":{"line":4,"column":5}},"loc":{"start":{"line":4,"column":24},"end":{"line":8,"column":5}},"line":4},"1":{"name":"(anonymous_1)","decl":{"start":{"line":10,"column":4},"end":{"line":10,"column":5}},"loc":{"start":{"line":10,"column":26},"end":{"line":23,"column":5}},"line":10},"2":{"name":"(anonymous_2)","decl":{"start":{"line":25,"column":4},"end":{"line":25,"column":5}},"loc":{"start":{"line":25,"column":30},"end":{"line":38,"column":5}},"line":25},"3":{"name":"(anonymous_3)","decl":{"start":{"line":40,"column":4},"end":{"line":40,"column":5}},"loc":{"start":{"line":40,"column":33},"end":{"line":53,"column":5}},"line":40},"4":{"name":"(anonymous_4)","decl":{"start":{"line":55,"column":4},"end":{"line":55,"column":5}},"loc":{"start":{"line":55,"column":37},"end":{"line":75,"column":1}},"line":55}},"branchMap":{"0":{"loc":{"start":{"line":18,"column":8},"end":{"line":20,"column":9}},"type":"if","locations":[{"start":{"line":18,"column":8},"end":{"line":20,"column":9}},{"start":{},"end":{}}],"line":18},"1":{"loc":{"start":{"line":33,"column":8},"end":{"line":35,"column":9}},"type":"if","locations":[{"start":{"line":33,"column":8},"end":{"line":35,"column":9}},{"start":{},"end":{}}],"line":33},"2":{"loc":{"start":{"line":48,"column":8},"end":{"line":50,"column":9}},"type":"if","locations":[{"start":{"line":48,"column":8},"end":{"line":50,"column":9}},{"start":{},"end":{}}],"line":48},"3":{"loc":{"start":{"line":68,"column":12},"end":{"line":70,"column":13}},"type":"if","locations":[{"start":{"line":68,"column":12},"end":{"line":70,"column":13}},{"start":{},"end":{}}],"line":68}},"s":{"0":1,"1":1,"2":1,"3":1,"4":2,"5":2,"6":2,"7":1,"8":1,"9":0,"10":0,"11":0,"12":0,"13":0,"14":2,"15":2,"16":2,"17":1,"18":1,"19":2,"20":2,"21":2,"22":1,"23":1,"24":1,"25":0,"26":1},"f":{"0":1,"1":2,"2":0,"3":2,"4":2},"b":{"0":[1,1],"1":[0,0],"2":[1,1],"3":[1,0]},"_coverageSchema":"1a1c01bbd47fc00a2c39e90264f33305004495a9","hash":"a7e89f2456707b9b38bd261e0aa7d3fef68206b0"}
,"C:\\Users\\pc\\Desktop\\SD Project\\deployment\\ProjectX_Dev_Hub\\src\\config\\azureStorage.js": {"path":"C:\\Users\\pc\\Desktop\\SD Project\\deployment\\ProjectX_Dev_Hub\\src\\config\\azureStorage.js","statementMap":{"0":{"start":{"line":1,"column":0},"end":{"line":1,"column":27}},"1":{"start":{"line":3,"column":30},"end":{"line":3,"column":60}},"2":{"start":{"line":5,"column":40},"end":{"line":5,"column":83}},"3":{"start":{"line":7,"column":0},"end":{"line":10,"column":55}},"4":{"start":{"line":8,"column":4},"end":{"line":8,"column":70}},"5":{"start":{"line":10,"column":5},"end":{"line":10,"column":55}},"6":{"start":{"line":12,"column":26},"end":{"line":12,"column":97}},"7":{"start":{"line":13,"column":24},"end":{"line":13,"column":76}},"8":{"start":{"line":14,"column":0},"end":{"line":18,"column":2}}},"fnMap":{},"branchMap":{"0":{"loc":{"start":{"line":7,"column":0},"end":{"line":10,"column":55}},"type":"if","locations":[{"start":{"line":7,"column":0},"end":{"line":10,"column":55}},{"start":{"line":10,"column":5},"end":{"line":10,"column":55}}],"line":7}},"s":{"0":2,"1":2,"2":2,"3":2,"4":0,"5":2,"6":2,"7":2,"8":2},"f":{},"b":{"0":[0,2]},"_coverageSchema":"1a1c01bbd47fc00a2c39e90264f33305004495a9","hash":"8cf035b352e34aff29315cd965a54a66e0f9d641"}
,"C:\\Users\\pc\\Desktop\\SD Project\\deployment\\ProjectX_Dev_Hub\\src\\config\\database.js": {"path":"C:\\Users\\pc\\Desktop\\SD Project\\deployment\\ProjectX_Dev_Hub\\src\\config\\database.js","statementMap":{"0":{"start":{"line":1,"column":0},"end":{"line":1,"column":27}},"1":{"start":{"line":2,"column":19},"end":{"line":2,"column":32}},"2":{"start":{"line":4,"column":15},"end":{"line":11,"column":2}},"3":{"start":{"line":13,"column":0},"end":{"line":19,"column":3}},"4":{"start":{"line":14,"column":4},"end":{"line":18,"column":5}},"5":{"start":{"line":15,"column":8},"end":{"line":15,"column":54}},"6":{"start":{"line":17,"column":8},"end":{"line":17,"column":56}},"7":{"start":{"line":21,"column":0},"end":{"line":21,"column":24}}},"fnMap":{"0":{"name":"(anonymous_0)","decl":{"start":{"line":13,"column":15},"end":{"line":13,"column":16}},"loc":{"start":{"line":13,"column":24},"end":{"line":19,"column":1}},"line":13}},"branchMap":{"0":{"loc":{"start":{"line":14,"column":4},"end":{"line":18,"column":5}},"type":"if","locations":[{"start":{"line":14,"column":4},"end":{"line":18,"column":5}},{"start":{"line":16,"column":11},"end":{"line":18,"column":5}}],"line":14}},"s":{"0":1,"1":1,"2":1,"3":1,"4":0,"5":0,"6":0,"7":1},"f":{"0":0},"b":{"0":[0,0]},"_coverageSchema":"1a1c01bbd47fc00a2c39e90264f33305004495a9","hash":"2a424a8476ede1f26cacc26af9da5bbc999a39ef"}
}
