TN:
SF:src\api\controllers\userController.js
FN:4,(anonymous_0)
FN:22,(anonymous_1)
FN:41,(anonymous_2)
FN:60,(anonymous_3)
FN:81,(anonymous_4)
FNF:5
FNH:0
FNDA:0,(anonymous_0)
FNDA:0,(anonymous_1)
FNDA:0,(anonymous_2)
FNDA:0,(anonymous_3)
FNDA:0,(anonymous_4)
DA:1,0
DA:5,0
DA:7,0
DA:10,0
DA:11,0
DA:18,0
DA:23,0
DA:26,0
DA:29,0
DA:31,0
DA:37,0
DA:42,0
DA:45,0
DA:48,0
DA:50,0
DA:56,0
DA:61,0
DA:64,0
DA:65,0
DA:68,0
DA:70,0
DA:76,0
DA:82,0
DA:84,0
DA:87,0
DA:89,0
DA:95,0
DA:106,0
LF:28
LH:0
BRDA:10,0,0,0
BRDA:10,0,1,0
BRF:2
BRH:0
end_of_record
TN:
SF:src\api\routes\user.routes.js
FNF:0
FNH:0
DA:1,0
DA:2,0
DA:3,0
DA:6,0
DA:7,0
DA:8,0
DA:9,0
DA:10,0
DA:12,0
LF:9
LH:0
BRF:0
BRH:0
end_of_record
TN:
SF:src\api\services\userService.js
FN:4,(anonymous_0)
FN:10,(anonymous_1)
FN:25,(anonymous_2)
FN:40,(anonymous_3)
FN:55,(anonymous_4)
FNF:5
FNH:0
FNDA:0,(anonymous_0)
FNDA:0,(anonymous_1)
FNDA:0,(anonymous_2)
FNDA:0,(anonymous_3)
FNDA:0,(anonymous_4)
DA:1,0
DA:5,0
DA:6,0
DA:7,0
DA:11,0
DA:16,0
DA:18,0
DA:19,0
DA:22,0
DA:26,0
DA:31,0
DA:33,0
DA:34,0
DA:37,0
DA:41,0
DA:46,0
DA:48,0
DA:49,0
DA:52,0
DA:58,0
DA:63,0
DA:64,0
DA:66,0
DA:68,0
DA:69,0
DA:73,0
DA:81,0
LF:27
LH:0
BRDA:18,0,0,0
BRDA:18,0,1,0
BRDA:33,1,0,0
BRDA:33,1,1,0
BRDA:48,2,0,0
BRDA:48,2,1,0
BRDA:68,3,0,0
BRDA:68,3,1,0
BRF:8
BRH:0
end_of_record
TN:
SF:src\config\database.js
FN:13,(anonymous_0)
FNF:1
FNH:0
FNDA:0,(anonymous_0)
DA:1,0
DA:2,0
DA:4,0
DA:13,0
DA:14,0
DA:15,0
DA:17,0
DA:21,0
LF:8
LH:0
BRDA:14,0,0,0
BRDA:14,0,1,0
BRF:2
BRH:0
end_of_record
