TN:
SF:src\api\controllers\bookingController.js
FN:4,(anonymous_0)
FN:22,(anonymous_1)
FN:41,(anonymous_2)
FN:62,(anonymous_3)
FNF:4
FNH:4
FNDA:1,(anonymous_0)
FNDA:1,(anonymous_1)
FNDA:1,(anonymous_2)
FNDA:1,(anonymous_3)
DA:1,1
DA:5,1
DA:7,1
DA:10,1
DA:11,1
DA:18,0
DA:23,1
DA:26,1
DA:29,1
DA:31,1
DA:37,0
DA:42,1
DA:45,1
DA:46,1
DA:49,1
DA:51,1
DA:57,0
DA:63,1
DA:65,1
DA:68,1
DA:70,1
DA:76,0
DA:82,1
LF:23
LH:19
BRDA:10,0,0,1
BRDA:10,0,1,0
BRF:2
BRH:1
end_of_record
TN:
SF:src\api\controllers\eventController.js
FN:6,(anonymous_0)
FN:24,(anonymous_1)
FN:62,(anonymous_2)
FNF:3
FNH:0
FNDA:0,(anonymous_0)
FNDA:0,(anonymous_1)
FNDA:0,(anonymous_2)
DA:1,0
DA:2,0
DA:3,0
DA:7,0
DA:9,0
DA:12,0
DA:13,0
DA:20,0
DA:25,0
DA:28,0
DA:31,0
DA:33,0
DA:39,0
DA:63,0
DA:64,0
DA:66,0
DA:68,0
DA:69,0
DA:70,0
DA:72,0
DA:76,0
DA:79,0
DA:81,0
DA:87,0
DA:94,0
LF:25
LH:0
BRDA:12,0,0,0
BRDA:12,0,1,0
BRDA:68,1,0,0
BRDA:68,1,1,0
BRF:4
BRH:0
end_of_record
TN:
SF:src\api\controllers\reportController.js
FN:4,(anonymous_0)
FN:22,(anonymous_1)
FN:41,(anonymous_2)
FN:60,(anonymous_3)
FN:81,(anonymous_4)
FNF:5
FNH:0
FNDA:0,(anonymous_0)
FNDA:0,(anonymous_1)
FNDA:0,(anonymous_2)
FNDA:0,(anonymous_3)
FNDA:0,(anonymous_4)
DA:1,0
DA:5,0
DA:7,0
DA:10,0
DA:11,0
DA:18,0
DA:23,0
DA:26,0
DA:29,0
DA:31,0
DA:37,0
DA:42,0
DA:45,0
DA:48,0
DA:50,0
DA:56,0
DA:61,0
DA:64,0
DA:65,0
DA:68,0
DA:70,0
DA:76,0
DA:82,0
DA:84,0
DA:87,0
DA:89,0
DA:95,0
DA:101,0
LF:28
LH:0
BRDA:10,0,0,0
BRDA:10,0,1,0
BRF:2
BRH:0
end_of_record
TN:
SF:src\api\controllers\userController.js
FN:4,(anonymous_0)
FN:23,(anonymous_1)
FN:42,(anonymous_2)
FN:61,(anonymous_3)
FN:82,(anonymous_4)
FNF:5
FNH:4
FNDA:2,(anonymous_0)
FNDA:2,(anonymous_1)
FNDA:0,(anonymous_2)
FNDA:2,(anonymous_3)
FNDA:2,(anonymous_4)
DA:1,2
DA:5,2
DA:7,2
DA:10,2
DA:11,2
DA:19,0
DA:24,2
DA:27,2
DA:30,2
DA:32,2
DA:38,0
DA:43,0
DA:46,0
DA:49,0
DA:51,0
DA:57,0
DA:62,2
DA:65,2
DA:66,2
DA:69,2
DA:71,2
DA:77,0
DA:83,2
DA:85,2
DA:88,2
DA:90,2
DA:96,0
DA:107,2
LF:28
LH:19
BRDA:10,0,0,2
BRDA:10,0,1,0
BRF:2
BRH:1
end_of_record
TN:
SF:src\api\routes\booking.routes.js
FNF:0
FNH:0
DA:1,0
DA:2,0
DA:3,0
DA:6,0
DA:7,0
DA:8,0
DA:9,0
DA:11,0
LF:8
LH:0
BRF:0
BRH:0
end_of_record
TN:
SF:src\api\routes\event.routes.js
FNF:0
FNH:0
DA:1,0
DA:2,0
DA:3,0
DA:4,0
DA:6,0
DA:7,0
DA:10,0
DA:13,0
DA:15,0
LF:9
LH:0
BRF:0
BRH:0
end_of_record
TN:
SF:src\api\routes\report.routes.js
FNF:0
FNH:0
DA:1,0
DA:2,0
DA:3,0
DA:6,0
DA:7,0
DA:9,0
DA:11,0
LF:7
LH:0
BRF:0
BRH:0
end_of_record
TN:
SF:src\api\routes\user.routes.js
FNF:0
FNH:0
DA:1,1
DA:2,1
DA:3,1
DA:6,1
DA:7,1
DA:8,1
DA:9,1
DA:10,1
DA:12,1
LF:9
LH:9
BRF:0
BRH:0
end_of_record
TN:
SF:src\api\services\bookingService.js
FN:4,(anonymous_0)
FN:10,(anonymous_1)
FN:25,(anonymous_2)
FN:40,(anonymous_3)
FNF:4
FNH:4
FNDA:1,(anonymous_0)
FNDA:2,(anonymous_1)
FNDA:2,(anonymous_2)
FNDA:2,(anonymous_3)
DA:1,1
DA:5,1
DA:6,1
DA:7,1
DA:11,2
DA:16,2
DA:18,2
DA:19,1
DA:22,1
DA:26,2
DA:31,2
DA:33,2
DA:34,1
DA:37,1
DA:42,2
DA:47,0
DA:48,0
DA:50,0
DA:52,0
DA:53,0
DA:57,0
DA:67,1
LF:22
LH:16
BRDA:18,0,0,1
BRDA:18,0,1,1
BRDA:33,1,0,1
BRDA:33,1,1,1
BRDA:52,2,0,0
BRDA:52,2,1,0
BRF:6
BRH:4
end_of_record
TN:
SF:src\api\services\eventService.js
FN:5,(anonymous_0)
FN:11,(anonymous_1)
FNF:2
FNH:0
FNDA:0,(anonymous_0)
FNDA:0,(anonymous_1)
DA:1,0
DA:6,0
DA:7,0
DA:8,0
DA:13,0
DA:18,0
DA:19,0
DA:20,0
DA:22,0
DA:23,0
DA:30,0
LF:11
LH:0
BRF:0
BRH:0
end_of_record
TN:
SF:src\api\services\reportService.js
FN:5,(anonymous_0)
FN:11,(anonymous_1)
FN:26,(anonymous_2)
FN:41,(anonymous_3)
FN:59,(anonymous_4)
FNF:5
FNH:0
FNDA:0,(anonymous_0)
FNDA:0,(anonymous_1)
FNDA:0,(anonymous_2)
FNDA:0,(anonymous_3)
FNDA:0,(anonymous_4)
DA:1,0
DA:6,0
DA:7,0
DA:8,0
DA:12,0
DA:17,0
DA:19,0
DA:20,0
DA:23,0
DA:27,0
DA:32,0
DA:34,0
DA:35,0
DA:38,0
DA:43,0
DA:49,0
DA:50,0
DA:51,0
DA:54,0
DA:61,0
DA:66,0
DA:67,0
DA:69,0
DA:72,0
DA:80,0
LF:25
LH:0
BRDA:19,0,0,0
BRDA:19,0,1,0
BRDA:34,1,0,0
BRDA:34,1,1,0
BRF:4
BRH:0
end_of_record
TN:
SF:src\api\services\userService.js
FN:4,(anonymous_0)
FN:10,(anonymous_1)
FN:25,(anonymous_2)
FN:40,(anonymous_3)
FN:55,(anonymous_4)
FNF:5
FNH:4
FNDA:1,(anonymous_0)
FNDA:2,(anonymous_1)
FNDA:0,(anonymous_2)
FNDA:2,(anonymous_3)
FNDA:2,(anonymous_4)
DA:1,1
DA:5,1
DA:6,1
DA:7,1
DA:11,2
DA:16,2
DA:18,2
DA:19,1
DA:22,1
DA:26,0
DA:31,0
DA:33,0
DA:34,0
DA:37,0
DA:41,2
DA:46,2
DA:48,2
DA:49,1
DA:52,1
DA:58,2
DA:63,2
DA:64,2
DA:66,1
DA:68,1
DA:69,1
DA:73,0
DA:81,1
LF:27
LH:21
BRDA:18,0,0,1
BRDA:18,0,1,1
BRDA:33,1,0,0
BRDA:33,1,1,0
BRDA:48,2,0,1
BRDA:48,2,1,1
BRDA:68,3,0,1
BRDA:68,3,1,0
BRF:8
BRH:5
end_of_record
TN:
SF:src\config\azureStorage.js
FNF:0
FNH:0
DA:1,0
DA:3,0
DA:5,0
DA:7,0
DA:8,0
DA:10,0
DA:12,0
DA:13,0
DA:15,0
LF:9
LH:0
BRDA:7,0,0,0
BRDA:7,0,1,0
BRF:2
BRH:0
end_of_record
TN:
SF:src\config\database.js
FN:13,(anonymous_0)
FNF:1
FNH:0
FNDA:0,(anonymous_0)
DA:1,0
DA:2,0
DA:4,0
DA:13,0
DA:14,0
DA:15,0
DA:17,0
DA:21,0
LF:8
LH:0
BRDA:14,0,0,0
BRDA:14,0,1,0
BRF:2
BRH:0
end_of_record
